{"E:\\projects\\nadeeka\\dopamine-lite-optz-frontend_test_rauting\\src\\App.tsx": {"path":"E:\\projects\\nadeeka\\dopamine-lite-optz-frontend_test_rauting\\src\\App.tsx","statementMap":{"0":{"start":{"line":29,"column":19},"end":{"line":29,"column":35}},"1":{"start":{"line":30,"column":15},"end":{"line":30,"column":52}},"2":{"start":{"line":30,"column":41},"end":{"line":30,"column":51}},"3":{"start":{"line":33,"column":2},"end":{"line":59,"column":17}},"4":{"start":{"line":34,"column":27},"end":{"line":56,"column":5}},"5":{"start":{"line":35,"column":6},"end":{"line":55,"column":7}},"6":{"start":{"line":36,"column":52},"end":{"line":36,"column":74}},"7":{"start":{"line":37,"column":41},"end":{"line":37,"column":80}},"8":{"start":{"line":39,"column":8},"end":{"line":39,"column":49}},"9":{"start":{"line":40,"column":8},"end":{"line":40,"column":45}},"10":{"start":{"line":41,"column":8},"end":{"line":41,"column":59}},"11":{"start":{"line":42,"column":8},"end":{"line":42,"column":55}},"12":{"start":{"line":43,"column":8},"end":{"line":43,"column":47}},"13":{"start":{"line":45,"column":8},"end":{"line":51,"column":12}},"14":{"start":{"line":53,"column":8},"end":{"line":53,"column":56}},"15":{"start":{"line":54,"column":8},"end":{"line":54,"column":30}},"16":{"start":{"line":58,"column":4},"end":{"line":58,"column":21}},"17":{"start":{"line":61,"column":2},"end":{"line":72,"column":1}},"18":{"start":{"line":62,"column":2},"end":{"line":71,"column":3}},"19":{"start":{"line":75,"column":2},"end":{"line":107,"column":4}}},"fnMap":{"0":{"name":"App","decl":{"start":{"line":28,"column":9},"end":{"line":28,"column":12}},"loc":{"start":{"line":28,"column":15},"end":{"line":111,"column":1}},"line":28},"1":{"name":"(anonymous_1)","decl":{"start":{"line":30,"column":30},"end":{"line":30,"column":31}},"loc":{"start":{"line":30,"column":41},"end":{"line":30,"column":51}},"line":30},"2":{"name":"(anonymous_2)","decl":{"start":{"line":33,"column":12},"end":{"line":33,"column":13}},"loc":{"start":{"line":33,"column":18},"end":{"line":59,"column":3}},"line":33},"3":{"name":"(anonymous_3)","decl":{"start":{"line":34,"column":27},"end":{"line":34,"column":28}},"loc":{"start":{"line":34,"column":39},"end":{"line":56,"column":5}},"line":34}},"branchMap":{"0":{"loc":{"start":{"line":37,"column":41},"end":{"line":37,"column":80}},"type":"binary-expr","locations":[{"start":{"line":37,"column":41},"end":{"line":37,"column":74}},{"start":{"line":37,"column":78},"end":{"line":37,"column":80}}],"line":37},"1":{"loc":{"start":{"line":49,"column":17},"end":{"line":49,"column":88}},"type":"cond-expr","locations":[{"start":{"line":49,"column":62},"end":{"line":49,"column":83}},{"start":{"line":49,"column":86},"end":{"line":49,"column":88}}],"line":49},"2":{"loc":{"start":{"line":61,"column":2},"end":{"line":72,"column":1}},"type":"if","locations":[{"start":{"line":61,"column":2},"end":{"line":72,"column":1}},{"start":{},"end":{}}],"line":61},"3":{"loc":{"start":{"line":83,"column":22},"end":{"line":83,"column":90}},"type":"cond-expr","locations":[{"start":{"line":83,"column":45},"end":{"line":83,"column":55}},{"start":{"line":83,"column":58},"end":{"line":83,"column":90}}],"line":83},"4":{"loc":{"start":{"line":104,"column":45},"end":{"line":104,"column":82}},"type":"cond-expr","locations":[{"start":{"line":104,"column":68},"end":{"line":104,"column":71}},{"start":{"line":104,"column":74},"end":{"line":104,"column":82}}],"line":104}},"s":{"0":0,"1":0,"2":0,"3":0,"4":0,"5":0,"6":0,"7":0,"8":0,"9":0,"10":0,"11":0,"12":0,"13":0,"14":0,"15":0,"16":0,"17":0,"18":0,"19":0},"f":{"0":0,"1":0,"2":0,"3":0},"b":{"0":[0,0],"1":[0,0],"2":[0,0],"3":[0,0],"4":[0,0]}}
,"E:\\projects\\nadeeka\\dopamine-lite-optz-frontend_test_rauting\\src\\aws-exports.ts": {"path":"E:\\projects\\nadeeka\\dopamine-lite-optz-frontend_test_rauting\\src\\aws-exports.ts","statementMap":{"0":{"start":{"line":4,"column":18},"end":{"line":6,"column":1}}},"fnMap":{},"branchMap":{},"s":{"0":0},"f":{},"b":{}}
,"E:\\projects\\nadeeka\\dopamine-lite-optz-frontend_test_rauting\\src\\main.tsx": {"path":"E:\\projects\\nadeeka\\dopamine-lite-optz-frontend_test_rauting\\src\\main.tsx","statementMap":{"0":{"start":{"line":11,"column":0},"end":{"line":11,"column":25}},"1":{"start":{"line":42,"column":0},"end":{"line":53,"column":1}}},"fnMap":{},"branchMap":{},"s":{"0":0,"1":0},"f":{},"b":{}}
,"E:\\projects\\nadeeka\\dopamine-lite-optz-frontend_test_rauting\\src\\assets\\static\\belongingLessons.ts": {"path":"E:\\projects\\nadeeka\\dopamine-lite-optz-frontend_test_rauting\\src\\assets\\static\\belongingLessons.ts","statementMap":{"0":{"start":{"line":3,"column":32},"end":{"line":16,"column":1}}},"fnMap":{},"branchMap":{},"s":{"0":0},"f":{},"b":{}}
,"E:\\projects\\nadeeka\\dopamine-lite-optz-frontend_test_rauting\\src\\components\\Footer.tsx": {"path":"E:\\projects\\nadeeka\\dopamine-lite-optz-frontend_test_rauting\\src\\components\\Footer.tsx","statementMap":{"0":{"start":{"line":4,"column":2},"end":{"line":8,"column":4}}},"fnMap":{"0":{"name":"Footer","decl":{"start":{"line":3,"column":24},"end":{"line":3,"column":30}},"loc":{"start":{"line":3,"column":33},"end":{"line":9,"column":1}},"line":3}},"branchMap":{},"s":{"0":0},"f":{"0":0},"b":{}}
,"E:\\projects\\nadeeka\\dopamine-lite-optz-frontend_test_rauting\\src\\components\\Layout.tsx": {"path":"E:\\projects\\nadeeka\\dopamine-lite-optz-frontend_test_rauting\\src\\components\\Layout.tsx","statementMap":{"0":{"start":{"line":8,"column":2},"end":{"line":16,"column":4}}},"fnMap":{"0":{"name":"Layout","decl":{"start":{"line":7,"column":24},"end":{"line":7,"column":30}},"loc":{"start":{"line":7,"column":33},"end":{"line":17,"column":1}},"line":7}},"branchMap":{},"s":{"0":0},"f":{"0":0},"b":{}}
,"E:\\projects\\nadeeka\\dopamine-lite-optz-frontend_test_rauting\\src\\components\\Navbar.tsx": {"path":"E:\\projects\\nadeeka\\dopamine-lite-optz-frontend_test_rauting\\src\\components\\Navbar.tsx","statementMap":{"0":{"start":{"line":24,"column":19},"end":{"line":28,"column":2}},"1":{"start":{"line":25,"column":2},"end":{"line":27,"column":9}},"2":{"start":{"line":30,"column":0},"end":{"line":30,"column":38}},"3":{"start":{"line":33,"column":19},"end":{"line":33,"column":35}},"4":{"start":{"line":34,"column":19},"end":{"line":34,"column":32}},"5":{"start":{"line":35,"column":28},"end":{"line":35,"column":43}},"6":{"start":{"line":37,"column":24},"end":{"line":44,"column":3}},"7":{"start":{"line":38,"column":4},"end":{"line":43,"column":5}},"8":{"start":{"line":39,"column":6},"end":{"line":39,"column":22}},"9":{"start":{"line":40,"column":6},"end":{"line":40,"column":28}},"10":{"start":{"line":42,"column":6},"end":{"line":42,"column":49}},"11":{"start":{"line":46,"column":22},"end":{"line":49,"column":3}},"12":{"start":{"line":47,"column":4},"end":{"line":47,"column":18}},"13":{"start":{"line":48,"column":4},"end":{"line":48,"column":14}},"14":{"start":{"line":51,"column":25},"end":{"line":54,"column":3}},"15":{"start":{"line":52,"column":4},"end":{"line":52,"column":25}},"16":{"start":{"line":53,"column":4},"end":{"line":53,"column":14}},"17":{"start":{"line":55,"column":21},"end":{"line":55,"column":124}},"18":{"start":{"line":56,"column":21},"end":{"line":101,"column":3}},"19":{"start":{"line":57,"column":4},"end":{"line":100,"column":7}},"20":{"start":{"line":103,"column":2},"end":{"line":187,"column":4}}},"fnMap":{"0":{"name":"(anonymous_0)","decl":{"start":{"line":24,"column":30},"end":{"line":24,"column":31}},"loc":{"start":{"line":25,"column":2},"end":{"line":27,"column":9}},"line":25},"1":{"name":"Navbar","decl":{"start":{"line":32,"column":24},"end":{"line":32,"column":30}},"loc":{"start":{"line":32,"column":33},"end":{"line":188,"column":1}},"line":32},"2":{"name":"(anonymous_2)","decl":{"start":{"line":37,"column":24},"end":{"line":37,"column":25}},"loc":{"start":{"line":37,"column":36},"end":{"line":44,"column":3}},"line":37},"3":{"name":"(anonymous_3)","decl":{"start":{"line":46,"column":22},"end":{"line":46,"column":23}},"loc":{"start":{"line":46,"column":28},"end":{"line":49,"column":3}},"line":46},"4":{"name":"(anonymous_4)","decl":{"start":{"line":51,"column":25},"end":{"line":51,"column":26}},"loc":{"start":{"line":51,"column":31},"end":{"line":54,"column":3}},"line":51},"5":{"name":"(anonymous_5)","decl":{"start":{"line":56,"column":21},"end":{"line":56,"column":22}},"loc":{"start":{"line":57,"column":4},"end":{"line":100,"column":7}},"line":57},"6":{"name":"(anonymous_6)","decl":{"start":{"line":73,"column":17},"end":{"line":73,"column":18}},"loc":{"start":{"line":73,"column":21},"end":{"line":73,"column":23}},"line":73}},"branchMap":{"0":{"loc":{"start":{"line":144,"column":17},"end":{"line":144,"column":44}},"type":"cond-expr","locations":[{"start":{"line":144,"column":24},"end":{"line":144,"column":34}},{"start":{"line":144,"column":37},"end":{"line":144,"column":44}}],"line":144}},"s":{"0":0,"1":0,"2":0,"3":0,"4":0,"5":0,"6":0,"7":0,"8":0,"9":0,"10":0,"11":0,"12":0,"13":0,"14":0,"15":0,"16":0,"17":0,"18":0,"19":0,"20":0},"f":{"0":0,"1":0,"2":0,"3":0,"4":0,"5":0,"6":0},"b":{"0":[0,0]}}
,"E:\\projects\\nadeeka\\dopamine-lite-optz-frontend_test_rauting\\src\\components\\NavbarStatic.tsx": {"path":"E:\\projects\\nadeeka\\dopamine-lite-optz-frontend_test_rauting\\src\\components\\NavbarStatic.tsx","statementMap":{"0":{"start":{"line":9,"column":2},"end":{"line":31,"column":4}}},"fnMap":{"0":{"name":"NavbarStatic","decl":{"start":{"line":5,"column":24},"end":{"line":5,"column":36}},"loc":{"start":{"line":5,"column":39},"end":{"line":32,"column":1}},"line":5},"1":{"name":"(anonymous_1)","decl":{"start":{"line":12,"column":23},"end":{"line":12,"column":24}},"loc":{"start":{"line":12,"column":27},"end":{"line":12,"column":29}},"line":12},"2":{"name":"(anonymous_2)","decl":{"start":{"line":23,"column":128},"end":{"line":23,"column":129}},"loc":{"start":{"line":23,"column":132},"end":{"line":23,"column":134}},"line":23},"3":{"name":"(anonymous_3)","decl":{"start":{"line":24,"column":49},"end":{"line":24,"column":50}},"loc":{"start":{"line":24,"column":53},"end":{"line":24,"column":55}},"line":24},"4":{"name":"(anonymous_4)","decl":{"start":{"line":26,"column":51},"end":{"line":26,"column":52}},"loc":{"start":{"line":26,"column":55},"end":{"line":26,"column":57}},"line":26}},"branchMap":{},"s":{"0":0},"f":{"0":0,"1":0,"2":0,"3":0,"4":0},"b":{}}
,"E:\\projects\\nadeeka\\dopamine-lite-optz-frontend_test_rauting\\src\\components\\ProtectedRoute.tsx": {"path":"E:\\projects\\nadeeka\\dopamine-lite-optz-frontend_test_rauting\\src\\components\\ProtectedRoute.tsx","statementMap":{"0":{"start":{"line":7,"column":23},"end":{"line":15,"column":1}},"1":{"start":{"line":8,"column":30},"end":{"line":8,"column":75}},"2":{"start":{"line":8,"column":64},"end":{"line":8,"column":74}},"3":{"start":{"line":10,"column":2},"end":{"line":12,"column":3}},"4":{"start":{"line":11,"column":4},"end":{"line":11,"column":44}},"5":{"start":{"line":14,"column":2},"end":{"line":14,"column":18}}},"fnMap":{"0":{"name":"(anonymous_0)","decl":{"start":{"line":7,"column":23},"end":{"line":7,"column":24}},"loc":{"start":{"line":7,"column":66},"end":{"line":15,"column":1}},"line":7},"1":{"name":"(anonymous_1)","decl":{"start":{"line":8,"column":42},"end":{"line":8,"column":43}},"loc":{"start":{"line":8,"column":64},"end":{"line":8,"column":74}},"line":8}},"branchMap":{"0":{"loc":{"start":{"line":10,"column":2},"end":{"line":12,"column":3}},"type":"if","locations":[{"start":{"line":10,"column":2},"end":{"line":12,"column":3}},{"start":{},"end":{}}],"line":10}},"s":{"0":0,"1":0,"2":0,"3":0,"4":0,"5":0},"f":{"0":0,"1":0},"b":{"0":[0,0]}}
,"E:\\projects\\nadeeka\\dopamine-lite-optz-frontend_test_rauting\\src\\components\\SideDrawer.tsx": {"path":"E:\\projects\\nadeeka\\dopamine-lite-optz-frontend_test_rauting\\src\\components\\SideDrawer.tsx","statementMap":{"0":{"start":{"line":33,"column":19},"end":{"line":195,"column":1}},"1":{"start":{"line":34,"column":19},"end":{"line":34,"column":32}},"2":{"start":{"line":35,"column":36},"end":{"line":35,"column":53}},"3":{"start":{"line":36,"column":42},"end":{"line":36,"column":64}},"4":{"start":{"line":37,"column":47},"end":{"line":37,"column":76}},"5":{"start":{"line":39,"column":2},"end":{"line":54,"column":16}},"6":{"start":{"line":40,"column":22},"end":{"line":51,"column":5}},"7":{"start":{"line":41,"column":6},"end":{"line":50,"column":7}},"8":{"start":{"line":42,"column":8},"end":{"line":49,"column":9}},"9":{"start":{"line":43,"column":23},"end":{"line":43,"column":69}},"10":{"start":{"line":44,"column":10},"end":{"line":44,"column":29}},"11":{"start":{"line":45,"column":26},"end":{"line":45,"column":79}},"12":{"start":{"line":46,"column":10},"end":{"line":46,"column":35}},"13":{"start":{"line":48,"column":10},"end":{"line":48,"column":55}},"14":{"start":{"line":53,"column":4},"end":{"line":53,"column":16}},"15":{"start":{"line":56,"column":27},"end":{"line":58,"column":3}},"16":{"start":{"line":57,"column":4},"end":{"line":57,"column":43}},"17":{"start":{"line":60,"column":32},"end":{"line":63,"column":3}},"18":{"start":{"line":61,"column":21},"end":{"line":61,"column":68}},"19":{"start":{"line":62,"column":4},"end":{"line":62,"column":76}},"20":{"start":{"line":65,"column":29},"end":{"line":67,"column":3}},"21":{"start":{"line":66,"column":4},"end":{"line":66,"column":44}},"22":{"start":{"line":69,"column":27},"end":{"line":71,"column":3}},"23":{"start":{"line":70,"column":4},"end":{"line":70,"column":42}},"24":{"start":{"line":73,"column":31},"end":{"line":75,"column":3}},"25":{"start":{"line":74,"column":4},"end":{"line":74,"column":62}},"26":{"start":{"line":77,"column":2},"end":{"line":194,"column":4}},"27":{"start":{"line":96,"column":10},"end":{"line":96,"column":45}},"28":{"start":{"line":127,"column":18},"end":{"line":152,"column":27}},"29":{"start":{"line":135,"column":35},"end":{"line":135,"column":64}},"30":{"start":{"line":170,"column":18},"end":{"line":185,"column":27}},"31":{"start":{"line":177,"column":35},"end":{"line":177,"column":62}}},"fnMap":{"0":{"name":"(anonymous_0)","decl":{"start":{"line":33,"column":19},"end":{"line":33,"column":20}},"loc":{"start":{"line":33,"column":53},"end":{"line":195,"column":1}},"line":33},"1":{"name":"(anonymous_1)","decl":{"start":{"line":39,"column":12},"end":{"line":39,"column":13}},"loc":{"start":{"line":39,"column":18},"end":{"line":54,"column":3}},"line":39},"2":{"name":"(anonymous_2)","decl":{"start":{"line":40,"column":22},"end":{"line":40,"column":23}},"loc":{"start":{"line":40,"column":34},"end":{"line":51,"column":5}},"line":40},"3":{"name":"(anonymous_3)","decl":{"start":{"line":56,"column":27},"end":{"line":56,"column":28}},"loc":{"start":{"line":56,"column":48},"end":{"line":58,"column":3}},"line":56},"4":{"name":"(anonymous_4)","decl":{"start":{"line":60,"column":32},"end":{"line":60,"column":33}},"loc":{"start":{"line":60,"column":52},"end":{"line":63,"column":3}},"line":60},"5":{"name":"(anonymous_5)","decl":{"start":{"line":65,"column":29},"end":{"line":65,"column":30}},"loc":{"start":{"line":65,"column":35},"end":{"line":67,"column":3}},"line":65},"6":{"name":"(anonymous_6)","decl":{"start":{"line":69,"column":27},"end":{"line":69,"column":28}},"loc":{"start":{"line":69,"column":33},"end":{"line":71,"column":3}},"line":69},"7":{"name":"(anonymous_7)","decl":{"start":{"line":73,"column":31},"end":{"line":73,"column":32}},"loc":{"start":{"line":73,"column":51},"end":{"line":75,"column":3}},"line":73},"8":{"name":"(anonymous_8)","decl":{"start":{"line":95,"column":27},"end":{"line":95,"column":28}},"loc":{"start":{"line":95,"column":33},"end":{"line":97,"column":9}},"line":95},"9":{"name":"(anonymous_9)","decl":{"start":{"line":126,"column":34},"end":{"line":126,"column":35}},"loc":{"start":{"line":127,"column":18},"end":{"line":152,"column":27}},"line":127},"10":{"name":"(anonymous_10)","decl":{"start":{"line":135,"column":29},"end":{"line":135,"column":30}},"loc":{"start":{"line":135,"column":35},"end":{"line":135,"column":64}},"line":135},"11":{"name":"(anonymous_11)","decl":{"start":{"line":169,"column":34},"end":{"line":169,"column":35}},"loc":{"start":{"line":170,"column":18},"end":{"line":185,"column":27}},"line":170},"12":{"name":"(anonymous_12)","decl":{"start":{"line":177,"column":29},"end":{"line":177,"column":30}},"loc":{"start":{"line":177,"column":35},"end":{"line":177,"column":62}},"line":177}},"branchMap":{"0":{"loc":{"start":{"line":41,"column":6},"end":{"line":50,"column":7}},"type":"if","locations":[{"start":{"line":41,"column":6},"end":{"line":50,"column":7}},{"start":{},"end":{}}],"line":41},"1":{"loc":{"start":{"line":96,"column":27},"end":{"line":96,"column":44}},"type":"binary-expr","locations":[{"start":{"line":96,"column":27},"end":{"line":96,"column":40}},{"start":{"line":96,"column":42},"end":{"line":96,"column":44}}],"line":96},"2":{"loc":{"start":{"line":106,"column":15},"end":{"line":106,"column":46}},"type":"binary-expr","locations":[{"start":{"line":106,"column":15},"end":{"line":106,"column":30}},{"start":{"line":106,"column":34},"end":{"line":106,"column":46}}],"line":106},"3":{"loc":{"start":{"line":136,"column":24},"end":{"line":136,"column":105}},"type":"cond-expr","locations":[{"start":{"line":136,"column":55},"end":{"line":136,"column":89}},{"start":{"line":136,"column":92},"end":{"line":136,"column":105}}],"line":136}},"s":{"0":0,"1":0,"2":0,"3":0,"4":0,"5":0,"6":0,"7":0,"8":0,"9":0,"10":0,"11":0,"12":0,"13":0,"14":0,"15":0,"16":0,"17":0,"18":0,"19":0,"20":0,"21":0,"22":0,"23":0,"24":0,"25":0,"26":0,"27":0,"28":0,"29":0,"30":0,"31":0},"f":{"0":0,"1":0,"2":0,"3":0,"4":0,"5":0,"6":0,"7":0,"8":0,"9":0,"10":0,"11":0,"12":0},"b":{"0":[0,0],"1":[0,0],"2":[0,0],"3":[0,0]}}
,"E:\\projects\\nadeeka\\dopamine-lite-optz-frontend_test_rauting\\src\\components\\VideoPlayer.tsx": {"path":"E:\\projects\\nadeeka\\dopamine-lite-optz-frontend_test_rauting\\src\\components\\VideoPlayer.tsx","statementMap":{"0":{"start":{"line":28,"column":19},"end":{"line":28,"column":49}},"1":{"start":{"line":29,"column":29},"end":{"line":29,"column":45}},"2":{"start":{"line":30,"column":28},"end":{"line":41,"column":4}},"3":{"start":{"line":43,"column":21},"end":{"line":45,"column":3}},"4":{"start":{"line":44,"column":4},"end":{"line":44,"column":56}},"5":{"start":{"line":44,"column":22},"end":{"line":44,"column":53}},"6":{"start":{"line":47,"column":22},"end":{"line":50,"column":3}},"7":{"start":{"line":48,"column":4},"end":{"line":48,"column":72}},"8":{"start":{"line":48,"column":22},"end":{"line":48,"column":69}},"9":{"start":{"line":49,"column":4},"end":{"line":49,"column":35}},"10":{"start":{"line":53,"column":26},"end":{"line":67,"column":3}},"11":{"start":{"line":54,"column":4},"end":{"line":54,"column":56}},"12":{"start":{"line":54,"column":22},"end":{"line":54,"column":53}},"13":{"start":{"line":57,"column":4},"end":{"line":59,"column":5}},"14":{"start":{"line":58,"column":6},"end":{"line":58,"column":47}},"15":{"start":{"line":62,"column":4},"end":{"line":66,"column":13}},"16":{"start":{"line":63,"column":6},"end":{"line":65,"column":7}},"17":{"start":{"line":64,"column":8},"end":{"line":64,"column":61}},"18":{"start":{"line":64,"column":26},"end":{"line":64,"column":58}},"19":{"start":{"line":70,"column":2},"end":{"line":76,"column":9}},"20":{"start":{"line":71,"column":4},"end":{"line":75,"column":6}},"21":{"start":{"line":72,"column":6},"end":{"line":74,"column":7}},"22":{"start":{"line":73,"column":8},"end":{"line":73,"column":49}},"23":{"start":{"line":78,"column":23},"end":{"line":130,"column":3}},"24":{"start":{"line":79,"column":4},"end":{"line":129,"column":5}},"25":{"start":{"line":80,"column":6},"end":{"line":80,"column":23}},"26":{"start":{"line":81,"column":23},"end":{"line":81,"column":39}},"27":{"start":{"line":82,"column":6},"end":{"line":84,"column":7}},"28":{"start":{"line":83,"column":8},"end":{"line":83,"column":53}},"29":{"start":{"line":86,"column":19},"end":{"line":86,"column":40}},"30":{"start":{"line":87,"column":31},"end":{"line":87,"column":57}},"31":{"start":{"line":89,"column":6},"end":{"line":125,"column":7}},"32":{"start":{"line":90,"column":8},"end":{"line":90,"column":40}},"33":{"start":{"line":91,"column":20},"end":{"line":91,"column":29}},"34":{"start":{"line":92,"column":21},"end":{"line":92,"column":84}},"35":{"start":{"line":93,"column":24},"end":{"line":93,"column":49}},"36":{"start":{"line":95,"column":8},"end":{"line":95,"column":32}},"37":{"start":{"line":96,"column":8},"end":{"line":96,"column":43}},"38":{"start":{"line":98,"column":8},"end":{"line":102,"column":11}},"39":{"start":{"line":99,"column":10},"end":{"line":99,"column":41}},"40":{"start":{"line":100,"column":10},"end":{"line":100,"column":28}},"41":{"start":{"line":101,"column":10},"end":{"line":101,"column":56}},"42":{"start":{"line":104,"column":8},"end":{"line":107,"column":11}},"43":{"start":{"line":105,"column":10},"end":{"line":105,"column":48}},"44":{"start":{"line":106,"column":10},"end":{"line":106,"column":34}},"45":{"start":{"line":109,"column":8},"end":{"line":112,"column":10}},"46":{"start":{"line":110,"column":10},"end":{"line":110,"column":24}},"47":{"start":{"line":111,"column":10},"end":{"line":111,"column":39}},"48":{"start":{"line":113,"column":13},"end":{"line":125,"column":7}},"49":{"start":{"line":114,"column":8},"end":{"line":114,"column":42}},"50":{"start":{"line":115,"column":8},"end":{"line":115,"column":49}},"51":{"start":{"line":117,"column":8},"end":{"line":120,"column":11}},"52":{"start":{"line":118,"column":10},"end":{"line":118,"column":28}},"53":{"start":{"line":119,"column":10},"end":{"line":119,"column":56}},"54":{"start":{"line":122,"column":8},"end":{"line":124,"column":11}},"55":{"start":{"line":123,"column":10},"end":{"line":123,"column":34}},"56":{"start":{"line":127,"column":6},"end":{"line":127,"column":55}},"57":{"start":{"line":128,"column":6},"end":{"line":128,"column":30}},"58":{"start":{"line":132,"column":2},"end":{"line":166,"column":12}},"59":{"start":{"line":133,"column":25},"end":{"line":133,"column":41}},"60":{"start":{"line":134,"column":4},"end":{"line":134,"column":30}},"61":{"start":{"line":134,"column":23},"end":{"line":134,"column":30}},"62":{"start":{"line":136,"column":20},"end":{"line":136,"column":34}},"63":{"start":{"line":137,"column":23},"end":{"line":137,"column":64}},"64":{"start":{"line":139,"column":21},"end":{"line":151,"column":5}},"65":{"start":{"line":140,"column":21},"end":{"line":140,"column":63}},"66":{"start":{"line":140,"column":36},"end":{"line":140,"column":61}},"67":{"start":{"line":141,"column":19},"end":{"line":141,"column":82}},"68":{"start":{"line":141,"column":34},"end":{"line":141,"column":80}},"69":{"start":{"line":142,"column":24},"end":{"line":142,"column":88}},"70":{"start":{"line":142,"column":39},"end":{"line":142,"column":86}},"71":{"start":{"line":143,"column":28},"end":{"line":143,"column":86}},"72":{"start":{"line":143,"column":43},"end":{"line":143,"column":84}},"73":{"start":{"line":144,"column":26},"end":{"line":144,"column":80}},"74":{"start":{"line":144,"column":41},"end":{"line":144,"column":78}},"75":{"start":{"line":145,"column":21},"end":{"line":145,"column":63}},"76":{"start":{"line":145,"column":36},"end":{"line":145,"column":61}},"77":{"start":{"line":146,"column":20},"end":{"line":146,"column":63}},"78":{"start":{"line":146,"column":35},"end":{"line":146,"column":61}},"79":{"start":{"line":147,"column":30},"end":{"line":150,"column":9}},"80":{"start":{"line":147,"column":45},"end":{"line":150,"column":7}},"81":{"start":{"line":153,"column":4},"end":{"line":155,"column":7}},"82":{"start":{"line":154,"column":6},"end":{"line":154,"column":52}},"83":{"start":{"line":157,"column":4},"end":{"line":157,"column":48}},"84":{"start":{"line":159,"column":4},"end":{"line":165,"column":6}},"85":{"start":{"line":160,"column":6},"end":{"line":162,"column":9}},"86":{"start":{"line":161,"column":8},"end":{"line":161,"column":57}},"87":{"start":{"line":163,"column":6},"end":{"line":163,"column":32}},"88":{"start":{"line":164,"column":6},"end":{"line":164,"column":34}},"89":{"start":{"line":164,"column":26},"end":{"line":164,"column":32}},"90":{"start":{"line":168,"column":21},"end":{"line":180,"column":3}},"91":{"start":{"line":169,"column":4},"end":{"line":169,"column":51}},"92":{"start":{"line":169,"column":36},"end":{"line":169,"column":51}},"93":{"start":{"line":171,"column":18},"end":{"line":171,"column":44}},"94":{"start":{"line":172,"column":20},"end":{"line":172,"column":53}},"95":{"start":{"line":173,"column":29},"end":{"line":173,"column":53}},"96":{"start":{"line":175,"column":4},"end":{"line":177,"column":5}},"97":{"start":{"line":176,"column":6},"end":{"line":176,"column":122}},"98":{"start":{"line":179,"column":4},"end":{"line":179,"column":100}},"99":{"start":{"line":182,"column":19},"end":{"line":223,"column":3}},"100":{"start":{"line":184,"column":6},"end":{"line":184,"column":36}},"101":{"start":{"line":184,"column":29},"end":{"line":184,"column":36}},"102":{"start":{"line":185,"column":6},"end":{"line":189,"column":7}},"103":{"start":{"line":186,"column":8},"end":{"line":186,"column":33}},"104":{"start":{"line":188,"column":8},"end":{"line":188,"column":53}},"105":{"start":{"line":192,"column":6},"end":{"line":192,"column":36}},"106":{"start":{"line":192,"column":29},"end":{"line":192,"column":36}},"107":{"start":{"line":193,"column":6},"end":{"line":193,"column":43}},"108":{"start":{"line":196,"column":6},"end":{"line":196,"column":36}},"109":{"start":{"line":196,"column":29},"end":{"line":196,"column":36}},"110":{"start":{"line":197,"column":6},"end":{"line":205,"column":7}},"111":{"start":{"line":198,"column":8},"end":{"line":202,"column":9}},"112":{"start":{"line":199,"column":10},"end":{"line":199,"column":53}},"113":{"start":{"line":201,"column":10},"end":{"line":201,"column":42}},"114":{"start":{"line":204,"column":8},"end":{"line":204,"column":50}},"115":{"start":{"line":208,"column":6},"end":{"line":208,"column":36}},"116":{"start":{"line":208,"column":29},"end":{"line":208,"column":36}},"117":{"start":{"line":209,"column":20},"end":{"line":209,"column":31}},"118":{"start":{"line":210,"column":23},"end":{"line":210,"column":84}},"119":{"start":{"line":211,"column":6},"end":{"line":211,"column":47}},"120":{"start":{"line":212,"column":6},"end":{"line":212,"column":56}},"121":{"start":{"line":212,"column":21},"end":{"line":212,"column":53}},"122":{"start":{"line":215,"column":6},"end":{"line":215,"column":36}},"123":{"start":{"line":215,"column":29},"end":{"line":215,"column":36}},"124":{"start":{"line":216,"column":6},"end":{"line":216,"column":38}},"125":{"start":{"line":217,"column":6},"end":{"line":217,"column":47}},"126":{"start":{"line":217,"column":21},"end":{"line":217,"column":44}},"127":{"start":{"line":220,"column":6},"end":{"line":220,"column":36}},"128":{"start":{"line":220,"column":29},"end":{"line":220,"column":36}},"129":{"start":{"line":221,"column":6},"end":{"line":221,"column":56}},"130":{"start":{"line":225,"column":2},"end":{"line":382,"column":4}},"131":{"start":{"line":232,"column":26},"end":{"line":232,"column":77}},"132":{"start":{"line":232,"column":44},"end":{"line":232,"column":75}},"133":{"start":{"line":246,"column":30},"end":{"line":246,"column":48}},"134":{"start":{"line":304,"column":27},"end":{"line":304,"column":70}},"135":{"start":{"line":342,"column":33},"end":{"line":342,"column":78}}},"fnMap":{"0":{"name":"VideoPlayer","decl":{"start":{"line":27,"column":24},"end":{"line":27,"column":35}},"loc":{"start":{"line":27,"column":83},"end":{"line":383,"column":1}},"line":27},"1":{"name":"(anonymous_1)","decl":{"start":{"line":43,"column":21},"end":{"line":43,"column":22}},"loc":{"start":{"line":43,"column":43},"end":{"line":45,"column":3}},"line":43},"2":{"name":"(anonymous_2)","decl":{"start":{"line":44,"column":13},"end":{"line":44,"column":14}},"loc":{"start":{"line":44,"column":22},"end":{"line":44,"column":53}},"line":44},"3":{"name":"(anonymous_3)","decl":{"start":{"line":47,"column":22},"end":{"line":47,"column":23}},"loc":{"start":{"line":47,"column":45},"end":{"line":50,"column":3}},"line":47},"4":{"name":"(anonymous_4)","decl":{"start":{"line":48,"column":13},"end":{"line":48,"column":14}},"loc":{"start":{"line":48,"column":22},"end":{"line":48,"column":69}},"line":48},"5":{"name":"(anonymous_5)","decl":{"start":{"line":53,"column":26},"end":{"line":53,"column":27}},"loc":{"start":{"line":53,"column":32},"end":{"line":67,"column":3}},"line":53},"6":{"name":"(anonymous_6)","decl":{"start":{"line":54,"column":13},"end":{"line":54,"column":14}},"loc":{"start":{"line":54,"column":22},"end":{"line":54,"column":53}},"line":54},"7":{"name":"(anonymous_7)","decl":{"start":{"line":62,"column":44},"end":{"line":62,"column":45}},"loc":{"start":{"line":62,"column":50},"end":{"line":66,"column":5}},"line":62},"8":{"name":"(anonymous_8)","decl":{"start":{"line":64,"column":17},"end":{"line":64,"column":18}},"loc":{"start":{"line":64,"column":26},"end":{"line":64,"column":58}},"line":64},"9":{"name":"(anonymous_9)","decl":{"start":{"line":70,"column":12},"end":{"line":70,"column":13}},"loc":{"start":{"line":70,"column":18},"end":{"line":76,"column":3}},"line":70},"10":{"name":"(anonymous_10)","decl":{"start":{"line":71,"column":11},"end":{"line":71,"column":12}},"loc":{"start":{"line":71,"column":17},"end":{"line":75,"column":5}},"line":71},"11":{"name":"(anonymous_11)","decl":{"start":{"line":78,"column":23},"end":{"line":78,"column":24}},"loc":{"start":{"line":78,"column":35},"end":{"line":130,"column":3}},"line":78},"12":{"name":"(anonymous_12)","decl":{"start":{"line":98,"column":43},"end":{"line":98,"column":44}},"loc":{"start":{"line":98,"column":49},"end":{"line":102,"column":9}},"line":98},"13":{"name":"(anonymous_13)","decl":{"start":{"line":104,"column":33},"end":{"line":104,"column":34}},"loc":{"start":{"line":104,"column":39},"end":{"line":107,"column":9}},"line":104},"14":{"name":"(anonymous_14)","decl":{"start":{"line":109,"column":15},"end":{"line":109,"column":16}},"loc":{"start":{"line":109,"column":21},"end":{"line":112,"column":9}},"line":109},"15":{"name":"(anonymous_15)","decl":{"start":{"line":117,"column":60},"end":{"line":117,"column":61}},"loc":{"start":{"line":117,"column":66},"end":{"line":120,"column":9}},"line":117},"16":{"name":"(anonymous_16)","decl":{"start":{"line":122,"column":51},"end":{"line":122,"column":52}},"loc":{"start":{"line":122,"column":57},"end":{"line":124,"column":9}},"line":122},"17":{"name":"(anonymous_17)","decl":{"start":{"line":132,"column":12},"end":{"line":132,"column":13}},"loc":{"start":{"line":132,"column":18},"end":{"line":166,"column":3}},"line":132},"18":{"name":"(anonymous_18)","decl":{"start":{"line":140,"column":15},"end":{"line":140,"column":16}},"loc":{"start":{"line":140,"column":21},"end":{"line":140,"column":63}},"line":140},"19":{"name":"(anonymous_19)","decl":{"start":{"line":140,"column":30},"end":{"line":140,"column":31}},"loc":{"start":{"line":140,"column":36},"end":{"line":140,"column":61}},"line":140},"20":{"name":"(anonymous_20)","decl":{"start":{"line":141,"column":13},"end":{"line":141,"column":14}},"loc":{"start":{"line":141,"column":19},"end":{"line":141,"column":82}},"line":141},"21":{"name":"(anonymous_21)","decl":{"start":{"line":141,"column":28},"end":{"line":141,"column":29}},"loc":{"start":{"line":141,"column":34},"end":{"line":141,"column":80}},"line":141},"22":{"name":"(anonymous_22)","decl":{"start":{"line":142,"column":18},"end":{"line":142,"column":19}},"loc":{"start":{"line":142,"column":24},"end":{"line":142,"column":88}},"line":142},"23":{"name":"(anonymous_23)","decl":{"start":{"line":142,"column":33},"end":{"line":142,"column":34}},"loc":{"start":{"line":142,"column":39},"end":{"line":142,"column":86}},"line":142},"24":{"name":"(anonymous_24)","decl":{"start":{"line":143,"column":22},"end":{"line":143,"column":23}},"loc":{"start":{"line":143,"column":28},"end":{"line":143,"column":86}},"line":143},"25":{"name":"(anonymous_25)","decl":{"start":{"line":143,"column":37},"end":{"line":143,"column":38}},"loc":{"start":{"line":143,"column":43},"end":{"line":143,"column":84}},"line":143},"26":{"name":"(anonymous_26)","decl":{"start":{"line":144,"column":20},"end":{"line":144,"column":21}},"loc":{"start":{"line":144,"column":26},"end":{"line":144,"column":80}},"line":144},"27":{"name":"(anonymous_27)","decl":{"start":{"line":144,"column":35},"end":{"line":144,"column":36}},"loc":{"start":{"line":144,"column":41},"end":{"line":144,"column":78}},"line":144},"28":{"name":"(anonymous_28)","decl":{"start":{"line":145,"column":15},"end":{"line":145,"column":16}},"loc":{"start":{"line":145,"column":21},"end":{"line":145,"column":63}},"line":145},"29":{"name":"(anonymous_29)","decl":{"start":{"line":145,"column":30},"end":{"line":145,"column":31}},"loc":{"start":{"line":145,"column":36},"end":{"line":145,"column":61}},"line":145},"30":{"name":"(anonymous_30)","decl":{"start":{"line":146,"column":14},"end":{"line":146,"column":15}},"loc":{"start":{"line":146,"column":20},"end":{"line":146,"column":63}},"line":146},"31":{"name":"(anonymous_31)","decl":{"start":{"line":146,"column":29},"end":{"line":146,"column":30}},"loc":{"start":{"line":146,"column":35},"end":{"line":146,"column":61}},"line":146},"32":{"name":"(anonymous_32)","decl":{"start":{"line":147,"column":24},"end":{"line":147,"column":25}},"loc":{"start":{"line":147,"column":30},"end":{"line":150,"column":9}},"line":147},"33":{"name":"(anonymous_33)","decl":{"start":{"line":147,"column":39},"end":{"line":147,"column":40}},"loc":{"start":{"line":147,"column":45},"end":{"line":150,"column":7}},"line":147},"34":{"name":"(anonymous_34)","decl":{"start":{"line":153,"column":37},"end":{"line":153,"column":38}},"loc":{"start":{"line":153,"column":59},"end":{"line":155,"column":5}},"line":153},"35":{"name":"(anonymous_35)","decl":{"start":{"line":159,"column":11},"end":{"line":159,"column":12}},"loc":{"start":{"line":159,"column":17},"end":{"line":165,"column":5}},"line":159},"36":{"name":"(anonymous_36)","decl":{"start":{"line":160,"column":39},"end":{"line":160,"column":40}},"loc":{"start":{"line":160,"column":61},"end":{"line":162,"column":7}},"line":160},"37":{"name":"(anonymous_37)","decl":{"start":{"line":164,"column":20},"end":{"line":164,"column":21}},"loc":{"start":{"line":164,"column":26},"end":{"line":164,"column":32}},"line":164},"38":{"name":"(anonymous_38)","decl":{"start":{"line":168,"column":21},"end":{"line":168,"column":22}},"loc":{"start":{"line":168,"column":42},"end":{"line":180,"column":3}},"line":168},"39":{"name":"(anonymous_39)","decl":{"start":{"line":183,"column":16},"end":{"line":183,"column":17}},"loc":{"start":{"line":183,"column":22},"end":{"line":190,"column":5}},"line":183},"40":{"name":"(anonymous_40)","decl":{"start":{"line":191,"column":16},"end":{"line":191,"column":17}},"loc":{"start":{"line":191,"column":35},"end":{"line":194,"column":5}},"line":191},"41":{"name":"(anonymous_41)","decl":{"start":{"line":195,"column":22},"end":{"line":195,"column":23}},"loc":{"start":{"line":195,"column":34},"end":{"line":206,"column":5}},"line":195},"42":{"name":"(anonymous_42)","decl":{"start":{"line":207,"column":24},"end":{"line":207,"column":25}},"loc":{"start":{"line":207,"column":30},"end":{"line":213,"column":5}},"line":207},"43":{"name":"(anonymous_43)","decl":{"start":{"line":212,"column":15},"end":{"line":212,"column":16}},"loc":{"start":{"line":212,"column":21},"end":{"line":212,"column":53}},"line":212},"44":{"name":"(anonymous_44)","decl":{"start":{"line":214,"column":18},"end":{"line":214,"column":19}},"loc":{"start":{"line":214,"column":37},"end":{"line":218,"column":5}},"line":214},"45":{"name":"(anonymous_45)","decl":{"start":{"line":217,"column":15},"end":{"line":217,"column":16}},"loc":{"start":{"line":217,"column":21},"end":{"line":217,"column":44}},"line":217},"46":{"name":"(anonymous_46)","decl":{"start":{"line":219,"column":16},"end":{"line":219,"column":17}},"loc":{"start":{"line":219,"column":22},"end":{"line":222,"column":5}},"line":219},"47":{"name":"(anonymous_47)","decl":{"start":{"line":232,"column":20},"end":{"line":232,"column":21}},"loc":{"start":{"line":232,"column":26},"end":{"line":232,"column":77}},"line":232},"48":{"name":"(anonymous_48)","decl":{"start":{"line":232,"column":35},"end":{"line":232,"column":36}},"loc":{"start":{"line":232,"column":44},"end":{"line":232,"column":75}},"line":232},"49":{"name":"(anonymous_49)","decl":{"start":{"line":246,"column":23},"end":{"line":246,"column":24}},"loc":{"start":{"line":246,"column":30},"end":{"line":246,"column":48}},"line":246},"50":{"name":"(anonymous_50)","decl":{"start":{"line":304,"column":20},"end":{"line":304,"column":21}},"loc":{"start":{"line":304,"column":27},"end":{"line":304,"column":70}},"line":304},"51":{"name":"(anonymous_51)","decl":{"start":{"line":342,"column":26},"end":{"line":342,"column":27}},"loc":{"start":{"line":342,"column":33},"end":{"line":342,"column":78}},"line":342}},"branchMap":{"0":{"loc":{"start":{"line":57,"column":4},"end":{"line":59,"column":5}},"type":"if","locations":[{"start":{"line":57,"column":4},"end":{"line":59,"column":5}},{"start":{},"end":{}}],"line":57},"1":{"loc":{"start":{"line":63,"column":6},"end":{"line":65,"column":7}},"type":"if","locations":[{"start":{"line":63,"column":6},"end":{"line":65,"column":7}},{"start":{},"end":{}}],"line":63},"2":{"loc":{"start":{"line":72,"column":6},"end":{"line":74,"column":7}},"type":"if","locations":[{"start":{"line":72,"column":6},"end":{"line":74,"column":7}},{"start":{},"end":{}}],"line":72},"3":{"loc":{"start":{"line":82,"column":6},"end":{"line":84,"column":7}},"type":"if","locations":[{"start":{"line":82,"column":6},"end":{"line":84,"column":7}},{"start":{},"end":{}}],"line":82},"4":{"loc":{"start":{"line":89,"column":6},"end":{"line":125,"column":7}},"type":"if","locations":[{"start":{"line":89,"column":6},"end":{"line":125,"column":7}},{"start":{"line":113,"column":13},"end":{"line":125,"column":7}}],"line":89},"5":{"loc":{"start":{"line":113,"column":13},"end":{"line":125,"column":7}},"type":"if","locations":[{"start":{"line":113,"column":13},"end":{"line":125,"column":7}},{"start":{},"end":{}}],"line":113},"6":{"loc":{"start":{"line":134,"column":4},"end":{"line":134,"column":30}},"type":"if","locations":[{"start":{"line":134,"column":4},"end":{"line":134,"column":30}},{"start":{},"end":{}}],"line":134},"7":{"loc":{"start":{"line":169,"column":4},"end":{"line":169,"column":51}},"type":"if","locations":[{"start":{"line":169,"column":4},"end":{"line":169,"column":51}},{"start":{},"end":{}}],"line":169},"8":{"loc":{"start":{"line":169,"column":8},"end":{"line":169,"column":34}},"type":"binary-expr","locations":[{"start":{"line":169,"column":8},"end":{"line":169,"column":16}},{"start":{"line":169,"column":20},"end":{"line":169,"column":34}}],"line":169},"9":{"loc":{"start":{"line":175,"column":4},"end":{"line":177,"column":5}},"type":"if","locations":[{"start":{"line":175,"column":4},"end":{"line":177,"column":5}},{"start":{},"end":{}}],"line":175},"10":{"loc":{"start":{"line":184,"column":6},"end":{"line":184,"column":36}},"type":"if","locations":[{"start":{"line":184,"column":6},"end":{"line":184,"column":36}},{"start":{},"end":{}}],"line":184},"11":{"loc":{"start":{"line":185,"column":6},"end":{"line":189,"column":7}},"type":"if","locations":[{"start":{"line":185,"column":6},"end":{"line":189,"column":7}},{"start":{"line":187,"column":13},"end":{"line":189,"column":7}}],"line":185},"12":{"loc":{"start":{"line":192,"column":6},"end":{"line":192,"column":36}},"type":"if","locations":[{"start":{"line":192,"column":6},"end":{"line":192,"column":36}},{"start":{},"end":{}}],"line":192},"13":{"loc":{"start":{"line":196,"column":6},"end":{"line":196,"column":36}},"type":"if","locations":[{"start":{"line":196,"column":6},"end":{"line":196,"column":36}},{"start":{},"end":{}}],"line":196},"14":{"loc":{"start":{"line":198,"column":8},"end":{"line":202,"column":9}},"type":"if","locations":[{"start":{"line":198,"column":8},"end":{"line":202,"column":9}},{"start":{"line":200,"column":15},"end":{"line":202,"column":9}}],"line":198},"15":{"loc":{"start":{"line":208,"column":6},"end":{"line":208,"column":36}},"type":"if","locations":[{"start":{"line":208,"column":6},"end":{"line":208,"column":36}},{"start":{},"end":{}}],"line":208},"16":{"loc":{"start":{"line":215,"column":6},"end":{"line":215,"column":36}},"type":"if","locations":[{"start":{"line":215,"column":6},"end":{"line":215,"column":36}},{"start":{},"end":{}}],"line":215},"17":{"loc":{"start":{"line":220,"column":6},"end":{"line":220,"column":36}},"type":"if","locations":[{"start":{"line":220,"column":6},"end":{"line":220,"column":36}},{"start":{},"end":{}}],"line":220},"18":{"loc":{"start":{"line":221,"column":28},"end":{"line":221,"column":54}},"type":"cond-expr","locations":[{"start":{"line":221,"column":49},"end":{"line":221,"column":50}},{"start":{"line":221,"column":53},"end":{"line":221,"column":54}}],"line":221},"19":{"loc":{"start":{"line":233,"column":18},"end":{"line":233,"column":66}},"type":"cond-expr","locations":[{"start":{"line":233,"column":39},"end":{"line":233,"column":61}},{"start":{"line":233,"column":64},"end":{"line":233,"column":66}}],"line":233},"20":{"loc":{"start":{"line":243,"column":18},"end":{"line":243,"column":57}},"type":"cond-expr","locations":[{"start":{"line":243,"column":39},"end":{"line":243,"column":48}},{"start":{"line":243,"column":51},"end":{"line":243,"column":57}}],"line":243},"21":{"loc":{"start":{"line":250,"column":8},"end":{"line":263,"column":9}},"type":"binary-expr","locations":[{"start":{"line":250,"column":8},"end":{"line":250,"column":17}},{"start":{"line":251,"column":10},"end":{"line":262,"column":16}}],"line":250},"22":{"loc":{"start":{"line":266,"column":7},"end":{"line":270,"column":7}},"type":"binary-expr","locations":[{"start":{"line":266,"column":8},"end":{"line":266,"column":23}},{"start":{"line":266,"column":27},"end":{"line":266,"column":42}},{"start":{"line":267,"column":8},"end":{"line":269,"column":14}}],"line":266},"23":{"loc":{"start":{"line":272,"column":7},"end":{"line":276,"column":7}},"type":"binary-expr","locations":[{"start":{"line":272,"column":7},"end":{"line":272,"column":18}},{"start":{"line":273,"column":8},"end":{"line":275,"column":15}}],"line":272},"24":{"loc":{"start":{"line":278,"column":7},"end":{"line":282,"column":7}},"type":"binary-expr","locations":[{"start":{"line":278,"column":7},"end":{"line":278,"column":16}},{"start":{"line":279,"column":8},"end":{"line":281,"column":15}}],"line":278},"25":{"loc":{"start":{"line":293,"column":19},"end":{"line":293,"column":45}},"type":"cond-expr","locations":[{"start":{"line":293,"column":40},"end":{"line":293,"column":41}},{"start":{"line":293,"column":44},"end":{"line":293,"column":45}}],"line":293},"26":{"loc":{"start":{"line":294,"column":22},"end":{"line":294,"column":63}},"type":"cond-expr","locations":[{"start":{"line":294,"column":43},"end":{"line":294,"column":52}},{"start":{"line":294,"column":55},"end":{"line":294,"column":63}}],"line":294},"27":{"loc":{"start":{"line":303,"column":15},"end":{"line":303,"column":34}},"type":"binary-expr","locations":[{"start":{"line":303,"column":15},"end":{"line":303,"column":29}},{"start":{"line":303,"column":33},"end":{"line":303,"column":34}}],"line":303},"28":{"loc":{"start":{"line":324,"column":15},"end":{"line":324,"column":57}},"type":"cond-expr","locations":[{"start":{"line":324,"column":33},"end":{"line":324,"column":44}},{"start":{"line":324,"column":47},"end":{"line":324,"column":57}}],"line":324},"29":{"loc":{"start":{"line":334,"column":17},"end":{"line":334,"column":71}},"type":"cond-expr","locations":[{"start":{"line":334,"column":38},"end":{"line":334,"column":54}},{"start":{"line":334,"column":57},"end":{"line":334,"column":71}}],"line":334},"30":{"loc":{"start":{"line":375,"column":15},"end":{"line":375,"column":65}},"type":"cond-expr","locations":[{"start":{"line":375,"column":36},"end":{"line":375,"column":50}},{"start":{"line":375,"column":53},"end":{"line":375,"column":65}}],"line":375}},"s":{"0":0,"1":0,"2":0,"3":0,"4":0,"5":0,"6":0,"7":0,"8":0,"9":0,"10":0,"11":0,"12":0,"13":0,"14":0,"15":0,"16":0,"17":0,"18":0,"19":0,"20":0,"21":0,"22":0,"23":0,"24":0,"25":0,"26":0,"27":0,"28":0,"29":0,"30":0,"31":0,"32":0,"33":0,"34":0,"35":0,"36":0,"37":0,"38":0,"39":0,"40":0,"41":0,"42":0,"43":0,"44":0,"45":0,"46":0,"47":0,"48":0,"49":0,"50":0,"51":0,"52":0,"53":0,"54":0,"55":0,"56":0,"57":0,"58":0,"59":0,"60":0,"61":0,"62":0,"63":0,"64":0,"65":0,"66":0,"67":0,"68":0,"69":0,"70":0,"71":0,"72":0,"73":0,"74":0,"75":0,"76":0,"77":0,"78":0,"79":0,"80":0,"81":0,"82":0,"83":0,"84":0,"85":0,"86":0,"87":0,"88":0,"89":0,"90":0,"91":0,"92":0,"93":0,"94":0,"95":0,"96":0,"97":0,"98":0,"99":0,"100":0,"101":0,"102":0,"103":0,"104":0,"105":0,"106":0,"107":0,"108":0,"109":0,"110":0,"111":0,"112":0,"113":0,"114":0,"115":0,"116":0,"117":0,"118":0,"119":0,"120":0,"121":0,"122":0,"123":0,"124":0,"125":0,"126":0,"127":0,"128":0,"129":0,"130":0,"131":0,"132":0,"133":0,"134":0,"135":0},"f":{"0":0,"1":0,"2":0,"3":0,"4":0,"5":0,"6":0,"7":0,"8":0,"9":0,"10":0,"11":0,"12":0,"13":0,"14":0,"15":0,"16":0,"17":0,"18":0,"19":0,"20":0,"21":0,"22":0,"23":0,"24":0,"25":0,"26":0,"27":0,"28":0,"29":0,"30":0,"31":0,"32":0,"33":0,"34":0,"35":0,"36":0,"37":0,"38":0,"39":0,"40":0,"41":0,"42":0,"43":0,"44":0,"45":0,"46":0,"47":0,"48":0,"49":0,"50":0,"51":0},"b":{"0":[0,0],"1":[0,0],"2":[0,0],"3":[0,0],"4":[0,0],"5":[0,0],"6":[0,0],"7":[0,0],"8":[0,0],"9":[0,0],"10":[0,0],"11":[0,0],"12":[0,0],"13":[0,0],"14":[0,0],"15":[0,0],"16":[0,0],"17":[0,0],"18":[0,0],"19":[0,0],"20":[0,0],"21":[0,0],"22":[0,0,0],"23":[0,0],"24":[0,0],"25":[0,0],"26":[0,0],"27":[0,0],"28":[0,0],"29":[0,0],"30":[0,0]}}
,"E:\\projects\\nadeeka\\dopamine-lite-optz-frontend_test_rauting\\src\\components\\ui\\AchievementHighlights.tsx": {"path":"E:\\projects\\nadeeka\\dopamine-lite-optz-frontend_test_rauting\\src\\components\\ui\\AchievementHighlights.tsx","statementMap":{"0":{"start":{"line":8,"column":32},"end":{"line":187,"column":1}},"1":{"start":{"line":9,"column":2},"end":{"line":186,"column":4}}},"fnMap":{"0":{"name":"(anonymous_0)","decl":{"start":{"line":8,"column":32},"end":{"line":8,"column":33}},"loc":{"start":{"line":8,"column":38},"end":{"line":187,"column":1}},"line":8}},"branchMap":{},"s":{"0":0,"1":0},"f":{"0":0},"b":{}}
,"E:\\projects\\nadeeka\\dopamine-lite-optz-frontend_test_rauting\\src\\components\\ui\\Homecard1.tsx": {"path":"E:\\projects\\nadeeka\\dopamine-lite-optz-frontend_test_rauting\\src\\components\\ui\\Homecard1.tsx","statementMap":{"0":{"start":{"line":20,"column":56},"end":{"line":87,"column":1}},"1":{"start":{"line":28,"column":2},"end":{"line":86,"column":4}}},"fnMap":{"0":{"name":"(anonymous_0)","decl":{"start":{"line":20,"column":56},"end":{"line":20,"column":57}},"loc":{"start":{"line":27,"column":6},"end":{"line":87,"column":1}},"line":27}},"branchMap":{},"s":{"0":0,"1":0},"f":{"0":0},"b":{}}
,"E:\\projects\\nadeeka\\dopamine-lite-optz-frontend_test_rauting\\src\\components\\ui\\NotesCard.tsx": {"path":"E:\\projects\\nadeeka\\dopamine-lite-optz-frontend_test_rauting\\src\\components\\ui\\NotesCard.tsx","statementMap":{"0":{"start":{"line":6,"column":18},"end":{"line":77,"column":1}},"1":{"start":{"line":8,"column":25},"end":{"line":15,"column":3}},"2":{"start":{"line":9,"column":17},"end":{"line":9,"column":44}},"3":{"start":{"line":10,"column":4},"end":{"line":10,"column":24}},"4":{"start":{"line":11,"column":4},"end":{"line":11,"column":29}},"5":{"start":{"line":12,"column":4},"end":{"line":12,"column":36}},"6":{"start":{"line":13,"column":4},"end":{"line":13,"column":17}},"7":{"start":{"line":14,"column":4},"end":{"line":14,"column":36}},"8":{"start":{"line":17,"column":2},"end":{"line":76,"column":4}}},"fnMap":{"0":{"name":"(anonymous_0)","decl":{"start":{"line":6,"column":18},"end":{"line":6,"column":19}},"loc":{"start":{"line":6,"column":83},"end":{"line":77,"column":1}},"line":6},"1":{"name":"(anonymous_1)","decl":{"start":{"line":8,"column":25},"end":{"line":8,"column":26}},"loc":{"start":{"line":8,"column":31},"end":{"line":15,"column":3}},"line":8}},"branchMap":{},"s":{"0":0,"1":0,"2":0,"3":0,"4":0,"5":0,"6":0,"7":0,"8":0},"f":{"0":0,"1":0},"b":{}}
,"E:\\projects\\nadeeka\\dopamine-lite-optz-frontend_test_rauting\\src\\components\\ui\\TelegramGroupCard.tsx": {"path":"E:\\projects\\nadeeka\\dopamine-lite-optz-frontend_test_rauting\\src\\components\\ui\\TelegramGroupCard.tsx","statementMap":{"0":{"start":{"line":5,"column":26},"end":{"line":62,"column":1}},"1":{"start":{"line":6,"column":21},"end":{"line":6,"column":124}},"2":{"start":{"line":7,"column":2},"end":{"line":61,"column":4}}},"fnMap":{"0":{"name":"(anonymous_0)","decl":{"start":{"line":5,"column":26},"end":{"line":5,"column":27}},"loc":{"start":{"line":5,"column":32},"end":{"line":62,"column":1}},"line":5}},"branchMap":{},"s":{"0":0,"1":0,"2":0},"f":{"0":0},"b":{}}
,"E:\\projects\\nadeeka\\dopamine-lite-optz-frontend_test_rauting\\src\\components\\ui\\avatar.tsx": {"path":"E:\\projects\\nadeeka\\dopamine-lite-optz-frontend_test_rauting\\src\\components\\ui\\avatar.tsx","statementMap":{"0":{"start":{"line":18,"column":22},"end":{"line":32,"column":1}},"1":{"start":{"line":21,"column":6},"end":{"line":21,"column":11}},"2":{"start":{"line":22,"column":4},"end":{"line":30,"column":5}},"3":{"start":{"line":39,"column":23},"end":{"line":52,"column":1}},"4":{"start":{"line":41,"column":46},"end":{"line":41,"column":51}},"5":{"start":{"line":42,"column":4},"end":{"line":50,"column":5}},"6":{"start":{"line":55,"column":16},"end":{"line":55,"column":38}},"7":{"start":{"line":56,"column":20},"end":{"line":56,"column":52}},"8":{"start":{"line":57,"column":19},"end":{"line":57,"column":66}},"9":{"start":{"line":58,"column":2},"end":{"line":60,"column":25}},"10":{"start":{"line":65,"column":27},"end":{"line":74,"column":1}},"11":{"start":{"line":67,"column":51},"end":{"line":67,"column":56}},"12":{"start":{"line":68,"column":4},"end":{"line":72,"column":5}}},"fnMap":{"0":{"name":"Avatar","decl":{"start":{"line":19,"column":11},"end":{"line":19,"column":17}},"loc":{"start":{"line":19,"column":30},"end":{"line":31,"column":3}},"line":19},"1":{"name":"AvatarFallback","decl":{"start":{"line":40,"column":11},"end":{"line":40,"column":25}},"loc":{"start":{"line":40,"column":38},"end":{"line":51,"column":3}},"line":40},"2":{"name":"getInitials","decl":{"start":{"line":54,"column":9},"end":{"line":54,"column":20}},"loc":{"start":{"line":54,"column":35},"end":{"line":61,"column":1}},"line":54},"3":{"name":"AvatarGroup","decl":{"start":{"line":66,"column":11},"end":{"line":66,"column":22}},"loc":{"start":{"line":66,"column":35},"end":{"line":73,"column":3}},"line":66}},"branchMap":{"0":{"loc":{"start":{"line":45,"column":9},"end":{"line":45,"column":69}},"type":"binary-expr","locations":[{"start":{"line":45,"column":9},"end":{"line":45,"column":21}},{"start":{"line":45,"column":25},"end":{"line":45,"column":41}},{"start":{"line":45,"column":45},"end":{"line":45,"column":69}}],"line":45},"1":{"loc":{"start":{"line":46,"column":9},"end":{"line":48,"column":9}},"type":"binary-expr","locations":[{"start":{"line":46,"column":9},"end":{"line":46,"column":21}},{"start":{"line":46,"column":25},"end":{"line":46,"column":41}},{"start":{"line":47,"column":10},"end":{"line":47,"column":72}}],"line":46},"2":{"loc":{"start":{"line":56,"column":20},"end":{"line":56,"column":52}},"type":"cond-expr","locations":[{"start":{"line":56,"column":39},"end":{"line":56,"column":47}},{"start":{"line":56,"column":50},"end":{"line":56,"column":52}}],"line":56},"3":{"loc":{"start":{"line":57,"column":19},"end":{"line":57,"column":66}},"type":"cond-expr","locations":[{"start":{"line":57,"column":38},"end":{"line":57,"column":61}},{"start":{"line":57,"column":64},"end":{"line":57,"column":66}}],"line":57},"4":{"loc":{"start":{"line":58,"column":9},"end":{"line":60,"column":25}},"type":"cond-expr","locations":[{"start":{"line":59,"column":6},"end":{"line":59,"column":51}},{"start":{"line":60,"column":6},"end":{"line":60,"column":25}}],"line":58},"5":{"loc":{"start":{"line":58,"column":9},"end":{"line":58,"column":30}},"type":"binary-expr","locations":[{"start":{"line":58,"column":9},"end":{"line":58,"column":18}},{"start":{"line":58,"column":22},"end":{"line":58,"column":30}}],"line":58}},"s":{"0":0,"1":0,"2":0,"3":0,"4":0,"5":0,"6":0,"7":0,"8":0,"9":0,"10":0,"11":0,"12":0},"f":{"0":0,"1":0,"2":0,"3":0},"b":{"0":[0,0,0],"1":[0,0,0],"2":[0,0],"3":[0,0],"4":[0,0],"5":[0,0]}}
,"E:\\projects\\nadeeka\\dopamine-lite-optz-frontend_test_rauting\\src\\components\\ui\\button.tsx": {"path":"E:\\projects\\nadeeka\\dopamine-lite-optz-frontend_test_rauting\\src\\components\\ui\\button.tsx","statementMap":{"0":{"start":{"line":17,"column":22},"end":{"line":40,"column":1}},"1":{"start":{"line":19,"column":66},"end":{"line":19,"column":71}},"2":{"start":{"line":20,"column":4},"end":{"line":38,"column":5}}},"fnMap":{"0":{"name":"Button","decl":{"start":{"line":18,"column":11},"end":{"line":18,"column":17}},"loc":{"start":{"line":18,"column":30},"end":{"line":39,"column":3}},"line":18}},"branchMap":{"0":{"loc":{"start":{"line":21,"column":30},"end":{"line":21,"column":49}},"type":"binary-expr","locations":[{"start":{"line":21,"column":30},"end":{"line":21,"column":37}},{"start":{"line":21,"column":41},"end":{"line":21,"column":49}}],"line":21},"1":{"loc":{"start":{"line":22,"column":9},"end":{"line":36,"column":9}},"type":"cond-expr","locations":[{"start":{"line":23,"column":10},"end":{"line":28,"column":13}},{"start":{"line":29,"column":12},"end":{"line":36,"column":9}}],"line":22},"2":{"loc":{"start":{"line":22,"column":9},"end":{"line":22,"column":32}},"type":"binary-expr","locations":[{"start":{"line":22,"column":9},"end":{"line":22,"column":16}},{"start":{"line":22,"column":20},"end":{"line":22,"column":32}}],"line":22},"3":{"loc":{"start":{"line":29,"column":12},"end":{"line":36,"column":9}},"type":"cond-expr","locations":[{"start":{"line":30,"column":10},"end":{"line":33,"column":13}},{"start":{"line":35,"column":10},"end":{"line":35,"column":18}}],"line":29},"4":{"loc":{"start":{"line":29,"column":12},"end":{"line":29,"column":34}},"type":"binary-expr","locations":[{"start":{"line":29,"column":12},"end":{"line":29,"column":19}},{"start":{"line":29,"column":23},"end":{"line":29,"column":34}}],"line":29}},"s":{"0":0,"1":0,"2":0},"f":{"0":0},"b":{"0":[0,0],"1":[0,0],"2":[0,0],"3":[0,0],"4":[0,0]}}
,"E:\\projects\\nadeeka\\dopamine-lite-optz-frontend_test_rauting\\src\\components\\ui\\checkbox.tsx": {"path":"E:\\projects\\nadeeka\\dopamine-lite-optz-frontend_test_rauting\\src\\components\\ui\\checkbox.tsx","statementMap":{"0":{"start":{"line":10,"column":24},"end":{"line":25,"column":1}},"1":{"start":{"line":12,"column":61},"end":{"line":12,"column":66}},"2":{"start":{"line":13,"column":4},"end":{"line":23,"column":5}}},"fnMap":{"0":{"name":"Checkbox","decl":{"start":{"line":11,"column":11},"end":{"line":11,"column":19}},"loc":{"start":{"line":11,"column":32},"end":{"line":24,"column":3}},"line":11}},"branchMap":{"0":{"loc":{"start":{"line":17,"column":11},"end":{"line":17,"column":47}},"type":"binary-expr","locations":[{"start":{"line":17,"column":11},"end":{"line":17,"column":15}},{"start":{"line":17,"column":19},"end":{"line":17,"column":47}}],"line":17},"1":{"loc":{"start":{"line":19,"column":9},"end":{"line":21,"column":9}},"type":"binary-expr","locations":[{"start":{"line":19,"column":9},"end":{"line":19,"column":25}},{"start":{"line":20,"column":10},"end":{"line":20,"column":65}}],"line":19}},"s":{"0":0,"1":0,"2":0},"f":{"0":0},"b":{"0":[0,0],"1":[0,0]}}
,"E:\\projects\\nadeeka\\dopamine-lite-optz-frontend_test_rauting\\src\\components\\ui\\close-button.tsx": {"path":"E:\\projects\\nadeeka\\dopamine-lite-optz-frontend_test_rauting\\src\\components\\ui\\close-button.tsx","statementMap":{"0":{"start":{"line":8,"column":27},"end":{"line":17,"column":2}},"1":{"start":{"line":12,"column":2},"end":{"line":16,"column":3}}},"fnMap":{"0":{"name":"CloseButton","decl":{"start":{"line":11,"column":11},"end":{"line":11,"column":22}},"loc":{"start":{"line":11,"column":35},"end":{"line":17,"column":1}},"line":11}},"branchMap":{"0":{"loc":{"start":{"line":14,"column":7},"end":{"line":14,"column":32}},"type":"binary-expr","locations":[{"start":{"line":14,"column":7},"end":{"line":14,"column":21}},{"start":{"line":14,"column":25},"end":{"line":14,"column":32}}],"line":14}},"s":{"0":0,"1":0},"f":{"0":0},"b":{"0":[0,0]}}
,"E:\\projects\\nadeeka\\dopamine-lite-optz-frontend_test_rauting\\src\\components\\ui\\color-mode.tsx": {"path":"E:\\projects\\nadeeka\\dopamine-lite-optz-frontend_test_rauting\\src\\components\\ui\\color-mode.tsx","statementMap":{"0":{"start":{"line":13,"column":2},"end":{"line":15,"column":3}},"1":{"start":{"line":19,"column":38},"end":{"line":19,"column":48}},"2":{"start":{"line":20,"column":26},"end":{"line":22,"column":3}},"3":{"start":{"line":21,"column":4},"end":{"line":21,"column":58}},"4":{"start":{"line":23,"column":2},"end":{"line":27,"column":3}},"5":{"start":{"line":31,"column":24},"end":{"line":31,"column":38}},"6":{"start":{"line":32,"column":2},"end":{"line":32,"column":45}},"7":{"start":{"line":36,"column":24},"end":{"line":36,"column":38}},"8":{"start":{"line":37,"column":2},"end":{"line":37,"column":55}},"9":{"start":{"line":42,"column":31},"end":{"line":67,"column":2}},"10":{"start":{"line":46,"column":30},"end":{"line":46,"column":44}},"11":{"start":{"line":47,"column":2},"end":{"line":66,"column":3}}},"fnMap":{"0":{"name":"ColorModeProvider","decl":{"start":{"line":12,"column":16},"end":{"line":12,"column":33}},"loc":{"start":{"line":12,"column":65},"end":{"line":16,"column":1}},"line":12},"1":{"name":"useColorMode","decl":{"start":{"line":18,"column":16},"end":{"line":18,"column":28}},"loc":{"start":{"line":18,"column":31},"end":{"line":28,"column":1}},"line":18},"2":{"name":"(anonymous_2)","decl":{"start":{"line":20,"column":26},"end":{"line":20,"column":27}},"loc":{"start":{"line":20,"column":32},"end":{"line":22,"column":3}},"line":20},"3":{"name":"useColorModeValue","decl":{"start":{"line":30,"column":16},"end":{"line":30,"column":33}},"loc":{"start":{"line":30,"column":56},"end":{"line":33,"column":1}},"line":30},"4":{"name":"ColorModeIcon","decl":{"start":{"line":35,"column":16},"end":{"line":35,"column":29}},"loc":{"start":{"line":35,"column":32},"end":{"line":38,"column":1}},"line":35},"5":{"name":"ColorModeButton","decl":{"start":{"line":45,"column":11},"end":{"line":45,"column":26}},"loc":{"start":{"line":45,"column":39},"end":{"line":67,"column":1}},"line":45}},"branchMap":{"0":{"loc":{"start":{"line":21,"column":13},"end":{"line":21,"column":57}},"type":"cond-expr","locations":[{"start":{"line":21,"column":41},"end":{"line":21,"column":47}},{"start":{"line":21,"column":50},"end":{"line":21,"column":57}}],"line":21},"1":{"loc":{"start":{"line":32,"column":9},"end":{"line":32,"column":45}},"type":"cond-expr","locations":[{"start":{"line":32,"column":33},"end":{"line":32,"column":38}},{"start":{"line":32,"column":41},"end":{"line":32,"column":45}}],"line":32},"2":{"loc":{"start":{"line":37,"column":9},"end":{"line":37,"column":55}},"type":"cond-expr","locations":[{"start":{"line":37,"column":33},"end":{"line":37,"column":42}},{"start":{"line":37,"column":45},"end":{"line":37,"column":55}}],"line":37}},"s":{"0":0,"1":0,"2":0,"3":0,"4":0,"5":0,"6":0,"7":0,"8":0,"9":0,"10":0,"11":0},"f":{"0":0,"1":0,"2":0,"3":0,"4":0,"5":0},"b":{"0":[0,0],"1":[0,0],"2":[0,0]}}
,"E:\\projects\\nadeeka\\dopamine-lite-optz-frontend_test_rauting\\src\\components\\ui\\dialog.tsx": {"path":"E:\\projects\\nadeeka\\dopamine-lite-optz-frontend_test_rauting\\src\\components\\ui\\dialog.tsx","statementMap":{"0":{"start":{"line":11,"column":29},"end":{"line":33,"column":2}},"1":{"start":{"line":21,"column":6},"end":{"line":21,"column":11}},"2":{"start":{"line":23,"column":2},"end":{"line":32,"column":3}},"3":{"start":{"line":35,"column":34},"end":{"line":52,"column":2}},"4":{"start":{"line":39,"column":2},"end":{"line":51,"column":3}},"5":{"start":{"line":54,"column":26},"end":{"line":54,"column":43}},"6":{"start":{"line":55,"column":28},"end":{"line":55,"column":47}},"7":{"start":{"line":56,"column":28},"end":{"line":56,"column":47}},"8":{"start":{"line":57,"column":26},"end":{"line":57,"column":43}},"9":{"start":{"line":58,"column":30},"end":{"line":58,"column":51}},"10":{"start":{"line":59,"column":27},"end":{"line":59,"column":45}},"11":{"start":{"line":60,"column":33},"end":{"line":60,"column":57}},"12":{"start":{"line":61,"column":29},"end":{"line":61,"column":49}},"13":{"start":{"line":62,"column":35},"end":{"line":62,"column":61}}},"fnMap":{"0":{"name":"DialogContent","decl":{"start":{"line":14,"column":11},"end":{"line":14,"column":24}},"loc":{"start":{"line":14,"column":37},"end":{"line":33,"column":1}},"line":14},"1":{"name":"DialogCloseTrigger","decl":{"start":{"line":38,"column":11},"end":{"line":38,"column":29}},"loc":{"start":{"line":38,"column":42},"end":{"line":52,"column":1}},"line":38}},"branchMap":{"0":{"loc":{"start":{"line":17,"column":4},"end":{"line":17,"column":20}},"type":"default-arg","locations":[{"start":{"line":17,"column":16},"end":{"line":17,"column":20}}],"line":17},"1":{"loc":{"start":{"line":19,"column":4},"end":{"line":19,"column":19}},"type":"default-arg","locations":[{"start":{"line":19,"column":15},"end":{"line":19,"column":19}}],"line":19},"2":{"loc":{"start":{"line":25,"column":7},"end":{"line":25,"column":44}},"type":"binary-expr","locations":[{"start":{"line":25,"column":7},"end":{"line":25,"column":15}},{"start":{"line":25,"column":19},"end":{"line":25,"column":44}}],"line":25}},"s":{"0":0,"1":0,"2":0,"3":0,"4":0,"5":0,"6":0,"7":0,"8":0,"9":0,"10":0,"11":0,"12":0,"13":0},"f":{"0":0,"1":0},"b":{"0":[0],"1":[0],"2":[0,0]}}
,"E:\\projects\\nadeeka\\dopamine-lite-optz-frontend_test_rauting\\src\\components\\ui\\drawer.tsx": {"path":"E:\\projects\\nadeeka\\dopamine-lite-optz-frontend_test_rauting\\src\\components\\ui\\drawer.tsx","statementMap":{"0":{"start":{"line":11,"column":29},"end":{"line":25,"column":2}},"1":{"start":{"line":15,"column":69},"end":{"line":15,"column":74}},"2":{"start":{"line":16,"column":2},"end":{"line":24,"column":3}},"3":{"start":{"line":27,"column":34},"end":{"line":42,"column":2}},"4":{"start":{"line":31,"column":2},"end":{"line":41,"column":3}},"5":{"start":{"line":44,"column":29},"end":{"line":44,"column":49}},"6":{"start":{"line":45,"column":26},"end":{"line":45,"column":43}},"7":{"start":{"line":46,"column":28},"end":{"line":46,"column":47}},"8":{"start":{"line":47,"column":28},"end":{"line":47,"column":47}},"9":{"start":{"line":48,"column":26},"end":{"line":48,"column":43}},"10":{"start":{"line":49,"column":30},"end":{"line":49,"column":51}},"11":{"start":{"line":50,"column":33},"end":{"line":50,"column":57}},"12":{"start":{"line":51,"column":27},"end":{"line":51,"column":45}},"13":{"start":{"line":52,"column":35},"end":{"line":52,"column":61}}},"fnMap":{"0":{"name":"DrawerContent","decl":{"start":{"line":14,"column":11},"end":{"line":14,"column":24}},"loc":{"start":{"line":14,"column":37},"end":{"line":25,"column":1}},"line":14},"1":{"name":"DrawerCloseTrigger","decl":{"start":{"line":30,"column":11},"end":{"line":30,"column":29}},"loc":{"start":{"line":30,"column":42},"end":{"line":42,"column":1}},"line":30}},"branchMap":{"0":{"loc":{"start":{"line":15,"column":20},"end":{"line":15,"column":36}},"type":"default-arg","locations":[{"start":{"line":15,"column":32},"end":{"line":15,"column":36}}],"line":15}},"s":{"0":0,"1":0,"2":0,"3":0,"4":0,"5":0,"6":0,"7":0,"8":0,"9":0,"10":0,"11":0,"12":0,"13":0},"f":{"0":0,"1":0},"b":{"0":[0]}}
,"E:\\projects\\nadeeka\\dopamine-lite-optz-frontend_test_rauting\\src\\components\\ui\\field.tsx": {"path":"E:\\projects\\nadeeka\\dopamine-lite-optz-frontend_test_rauting\\src\\components\\ui\\field.tsx","statementMap":{"0":{"start":{"line":11,"column":21},"end":{"line":33,"column":1}},"1":{"start":{"line":14,"column":6},"end":{"line":14,"column":11}},"2":{"start":{"line":15,"column":4},"end":{"line":31,"column":5}}},"fnMap":{"0":{"name":"Field","decl":{"start":{"line":12,"column":11},"end":{"line":12,"column":16}},"loc":{"start":{"line":12,"column":29},"end":{"line":32,"column":3}},"line":12}},"branchMap":{"0":{"loc":{"start":{"line":17,"column":9},"end":{"line":22,"column":9}},"type":"binary-expr","locations":[{"start":{"line":17,"column":9},"end":{"line":17,"column":14}},{"start":{"line":18,"column":10},"end":{"line":21,"column":30}}],"line":17},"1":{"loc":{"start":{"line":24,"column":9},"end":{"line":26,"column":9}},"type":"binary-expr","locations":[{"start":{"line":24,"column":9},"end":{"line":24,"column":19}},{"start":{"line":25,"column":10},"end":{"line":25,"column":71}}],"line":24},"2":{"loc":{"start":{"line":27,"column":9},"end":{"line":29,"column":9}},"type":"binary-expr","locations":[{"start":{"line":27,"column":9},"end":{"line":27,"column":18}},{"start":{"line":28,"column":10},"end":{"line":28,"column":68}}],"line":27}},"s":{"0":0,"1":0,"2":0},"f":{"0":0},"b":{"0":[0,0],"1":[0,0],"2":[0,0]}}
,"E:\\projects\\nadeeka\\dopamine-lite-optz-frontend_test_rauting\\src\\components\\ui\\homecard.tsx": {"path":"E:\\projects\\nadeeka\\dopamine-lite-optz-frontend_test_rauting\\src\\components\\ui\\homecard.tsx","statementMap":{"0":{"start":{"line":10,"column":36},"end":{"line":68,"column":1}},"1":{"start":{"line":11,"column":2},"end":{"line":67,"column":4}}},"fnMap":{"0":{"name":"(anonymous_0)","decl":{"start":{"line":10,"column":36},"end":{"line":10,"column":37}},"loc":{"start":{"line":10,"column":74},"end":{"line":68,"column":1}},"line":10}},"branchMap":{},"s":{"0":0,"1":0},"f":{"0":0},"b":{}}
,"E:\\projects\\nadeeka\\dopamine-lite-optz-frontend_test_rauting\\src\\components\\ui\\input-group.tsx": {"path":"E:\\projects\\nadeeka\\dopamine-lite-optz-frontend_test_rauting\\src\\components\\ui\\input-group.tsx","statementMap":{"0":{"start":{"line":15,"column":26},"end":{"line":53,"column":1}},"1":{"start":{"line":26,"column":8},"end":{"line":26,"column":13}},"2":{"start":{"line":29,"column":6},"end":{"line":29,"column":74}},"3":{"start":{"line":31,"column":4},"end":{"line":51,"column":5}}},"fnMap":{"0":{"name":"InputGroup","decl":{"start":{"line":16,"column":11},"end":{"line":16,"column":21}},"loc":{"start":{"line":16,"column":34},"end":{"line":52,"column":3}},"line":16}},"branchMap":{"0":{"loc":{"start":{"line":23,"column":6},"end":{"line":23,"column":25}},"type":"default-arg","locations":[{"start":{"line":23,"column":20},"end":{"line":23,"column":25}}],"line":23},"1":{"loc":{"start":{"line":24,"column":6},"end":{"line":24,"column":23}},"type":"default-arg","locations":[{"start":{"line":24,"column":18},"end":{"line":24,"column":23}}],"line":24},"2":{"loc":{"start":{"line":33,"column":9},"end":{"line":37,"column":9}},"type":"binary-expr","locations":[{"start":{"line":33,"column":9},"end":{"line":33,"column":21}},{"start":{"line":34,"column":10},"end":{"line":36,"column":25}}],"line":33},"3":{"loc":{"start":{"line":39,"column":14},"end":{"line":41,"column":11}},"type":"binary-expr","locations":[{"start":{"line":39,"column":14},"end":{"line":39,"column":26}},{"start":{"line":39,"column":30},"end":{"line":41,"column":11}}],"line":39},"4":{"loc":{"start":{"line":42,"column":14},"end":{"line":42,"column":78}},"type":"binary-expr","locations":[{"start":{"line":42,"column":14},"end":{"line":42,"column":24}},{"start":{"line":42,"column":28},"end":{"line":42,"column":78}}],"line":42},"5":{"loc":{"start":{"line":45,"column":9},"end":{"line":49,"column":9}},"type":"binary-expr","locations":[{"start":{"line":45,"column":9},"end":{"line":45,"column":19}},{"start":{"line":46,"column":10},"end":{"line":48,"column":25}}],"line":45}},"s":{"0":0,"1":0,"2":0,"3":0},"f":{"0":0},"b":{"0":[0],"1":[0],"2":[0,0],"3":[0,0],"4":[0,0],"5":[0,0]}}
,"E:\\projects\\nadeeka\\dopamine-lite-optz-frontend_test_rauting\\src\\components\\ui\\menu.tsx": {"path":"E:\\projects\\nadeeka\\dopamine-lite-optz-frontend_test_rauting\\src\\components\\ui\\menu.tsx","statementMap":{"0":{"start":{"line":12,"column":27},"end":{"line":23,"column":1}},"1":{"start":{"line":14,"column":53},"end":{"line":14,"column":58}},"2":{"start":{"line":15,"column":4},"end":{"line":21,"column":5}},"3":{"start":{"line":25,"column":25},"end":{"line":34,"column":2}},"4":{"start":{"line":29,"column":2},"end":{"line":33,"column":3}},"5":{"start":{"line":36,"column":32},"end":{"line":48,"column":2}},"6":{"start":{"line":40,"column":2},"end":{"line":47,"column":3}},"7":{"start":{"line":50,"column":29},"end":{"line":65,"column":2}},"8":{"start":{"line":54,"column":32},"end":{"line":54,"column":37}},"9":{"start":{"line":55,"column":2},"end":{"line":64,"column":3}},"10":{"start":{"line":67,"column":29},"end":{"line":82,"column":2}},"11":{"start":{"line":71,"column":39},"end":{"line":71,"column":44}},"12":{"start":{"line":72,"column":2},"end":{"line":81,"column":3}},"13":{"start":{"line":88,"column":31},"end":{"line":100,"column":2}},"14":{"start":{"line":92,"column":43},"end":{"line":92,"column":48}},"15":{"start":{"line":93,"column":2},"end":{"line":99,"column":3}},"16":{"start":{"line":102,"column":34},"end":{"line":102,"column":59}},"17":{"start":{"line":103,"column":34},"end":{"line":103,"column":59}},"18":{"start":{"line":104,"column":24},"end":{"line":104,"column":39}},"19":{"start":{"line":105,"column":29},"end":{"line":105,"column":49}},"20":{"start":{"line":107,"column":24},"end":{"line":107,"column":39}},"21":{"start":{"line":108,"column":28},"end":{"line":108,"column":47}},"22":{"start":{"line":109,"column":31},"end":{"line":109,"column":53}},"23":{"start":{"line":110,"column":27},"end":{"line":110,"column":45}}},"fnMap":{"0":{"name":"MenuContent","decl":{"start":{"line":13,"column":11},"end":{"line":13,"column":22}},"loc":{"start":{"line":13,"column":35},"end":{"line":22,"column":3}},"line":13},"1":{"name":"MenuArrow","decl":{"start":{"line":28,"column":11},"end":{"line":28,"column":20}},"loc":{"start":{"line":28,"column":33},"end":{"line":34,"column":1}},"line":28},"2":{"name":"MenuCheckboxItem","decl":{"start":{"line":39,"column":11},"end":{"line":39,"column":27}},"loc":{"start":{"line":39,"column":40},"end":{"line":48,"column":1}},"line":39},"3":{"name":"MenuRadioItem","decl":{"start":{"line":53,"column":11},"end":{"line":53,"column":24}},"loc":{"start":{"line":53,"column":37},"end":{"line":65,"column":1}},"line":53},"4":{"name":"MenuItemGroup","decl":{"start":{"line":70,"column":11},"end":{"line":70,"column":24}},"loc":{"start":{"line":70,"column":37},"end":{"line":82,"column":1}},"line":70},"5":{"name":"MenuTriggerItem","decl":{"start":{"line":91,"column":11},"end":{"line":91,"column":26}},"loc":{"start":{"line":91,"column":39},"end":{"line":100,"column":1}},"line":91}},"branchMap":{"0":{"loc":{"start":{"line":14,"column":12},"end":{"line":14,"column":28}},"type":"default-arg","locations":[{"start":{"line":14,"column":24},"end":{"line":14,"column":28}}],"line":14},"1":{"loc":{"start":{"line":74,"column":7},"end":{"line":78,"column":7}},"type":"binary-expr","locations":[{"start":{"line":74,"column":7},"end":{"line":74,"column":12}},{"start":{"line":75,"column":8},"end":{"line":77,"column":36}}],"line":74}},"s":{"0":0,"1":0,"2":0,"3":0,"4":0,"5":0,"6":0,"7":0,"8":0,"9":0,"10":0,"11":0,"12":0,"13":0,"14":0,"15":0,"16":0,"17":0,"18":0,"19":0,"20":0,"21":0,"22":0,"23":0},"f":{"0":0,"1":0,"2":0,"3":0,"4":0,"5":0},"b":{"0":[0],"1":[0,0]}}
,"E:\\projects\\nadeeka\\dopamine-lite-optz-frontend_test_rauting\\src\\components\\ui\\popover.tsx": {"path":"E:\\projects\\nadeeka\\dopamine-lite-optz-frontend_test_rauting\\src\\components\\ui\\popover.tsx","statementMap":{"0":{"start":{"line":10,"column":30},"end":{"line":22,"column":2}},"1":{"start":{"line":14,"column":51},"end":{"line":14,"column":56}},"2":{"start":{"line":15,"column":2},"end":{"line":21,"column":3}},"3":{"start":{"line":24,"column":28},"end":{"line":33,"column":2}},"4":{"start":{"line":28,"column":2},"end":{"line":32,"column":3}},"5":{"start":{"line":35,"column":35},"end":{"line":51,"column":2}},"6":{"start":{"line":39,"column":2},"end":{"line":50,"column":3}},"7":{"start":{"line":53,"column":28},"end":{"line":53,"column":47}},"8":{"start":{"line":54,"column":34},"end":{"line":54,"column":59}},"9":{"start":{"line":55,"column":29},"end":{"line":55,"column":49}},"10":{"start":{"line":56,"column":29},"end":{"line":56,"column":49}},"11":{"start":{"line":57,"column":27},"end":{"line":57,"column":45}},"12":{"start":{"line":58,"column":27},"end":{"line":58,"column":45}},"13":{"start":{"line":59,"column":30},"end":{"line":59,"column":51}}},"fnMap":{"0":{"name":"PopoverContent","decl":{"start":{"line":13,"column":11},"end":{"line":13,"column":25}},"loc":{"start":{"line":13,"column":38},"end":{"line":22,"column":1}},"line":13},"1":{"name":"PopoverArrow","decl":{"start":{"line":27,"column":11},"end":{"line":27,"column":23}},"loc":{"start":{"line":27,"column":36},"end":{"line":33,"column":1}},"line":27},"2":{"name":"PopoverCloseTrigger","decl":{"start":{"line":38,"column":11},"end":{"line":38,"column":30}},"loc":{"start":{"line":38,"column":43},"end":{"line":51,"column":1}},"line":38}},"branchMap":{"0":{"loc":{"start":{"line":14,"column":10},"end":{"line":14,"column":26}},"type":"default-arg","locations":[{"start":{"line":14,"column":22},"end":{"line":14,"column":26}}],"line":14}},"s":{"0":0,"1":0,"2":0,"3":0,"4":0,"5":0,"6":0,"7":0,"8":0,"9":0,"10":0,"11":0,"12":0,"13":0},"f":{"0":0,"1":0,"2":0},"b":{"0":[0]}}
,"E:\\projects\\nadeeka\\dopamine-lite-optz-frontend_test_rauting\\src\\components\\ui\\provider.tsx": {"path":"E:\\projects\\nadeeka\\dopamine-lite-optz-frontend_test_rauting\\src\\components\\ui\\provider.tsx","statementMap":{"0":{"start":{"line":10,"column":2},"end":{"line":14,"column":3}}},"fnMap":{"0":{"name":"Provider","decl":{"start":{"line":9,"column":16},"end":{"line":9,"column":24}},"loc":{"start":{"line":9,"column":56},"end":{"line":15,"column":1}},"line":9}},"branchMap":{},"s":{"0":0},"f":{"0":0},"b":{}}
,"E:\\projects\\nadeeka\\dopamine-lite-optz-frontend_test_rauting\\src\\components\\ui\\radio.tsx": {"path":"E:\\projects\\nadeeka\\dopamine-lite-optz-frontend_test_rauting\\src\\components\\ui\\radio.tsx","statementMap":{"0":{"start":{"line":9,"column":21},"end":{"line":22,"column":1}},"1":{"start":{"line":11,"column":55},"end":{"line":11,"column":60}},"2":{"start":{"line":12,"column":4},"end":{"line":20,"column":5}},"3":{"start":{"line":24,"column":26},"end":{"line":24,"column":47}}},"fnMap":{"0":{"name":"Radio","decl":{"start":{"line":10,"column":11},"end":{"line":10,"column":16}},"loc":{"start":{"line":10,"column":29},"end":{"line":21,"column":3}},"line":10}},"branchMap":{"0":{"loc":{"start":{"line":16,"column":9},"end":{"line":18,"column":9}},"type":"binary-expr","locations":[{"start":{"line":16,"column":9},"end":{"line":16,"column":17}},{"start":{"line":17,"column":10},"end":{"line":17,"column":75}}],"line":16}},"s":{"0":0,"1":0,"2":0,"3":0},"f":{"0":0},"b":{"0":[0,0]}}
,"E:\\projects\\nadeeka\\dopamine-lite-optz-frontend_test_rauting\\src\\components\\ui\\slider.tsx": {"path":"E:\\projects\\nadeeka\\dopamine-lite-optz-frontend_test_rauting\\src\\components\\ui\\slider.tsx","statementMap":{"0":{"start":{"line":10,"column":22},"end":{"line":43,"column":1}},"1":{"start":{"line":12,"column":60},"end":{"line":12,"column":65}},"2":{"start":{"line":13,"column":18},"end":{"line":13,"column":51}},"3":{"start":{"line":15,"column":18},"end":{"line":18,"column":6}},"4":{"start":{"line":16,"column":6},"end":{"line":16,"column":76}},"5":{"start":{"line":16,"column":36},"end":{"line":16,"column":76}},"6":{"start":{"line":17,"column":6},"end":{"line":17,"column":17}},"7":{"start":{"line":20,"column":25},"end":{"line":20,"column":60}},"8":{"start":{"line":20,"column":49},"end":{"line":20,"column":59}},"9":{"start":{"line":22,"column":4},"end":{"line":41,"column":5}},"10":{"start":{"line":46,"column":20},"end":{"line":46,"column":25}},"11":{"start":{"line":47,"column":2},"end":{"line":55,"column":3}},"12":{"start":{"line":50,"column":8},"end":{"line":52,"column":29}},"13":{"start":{"line":62,"column":20},"end":{"line":82,"column":1}},"14":{"start":{"line":64,"column":22},"end":{"line":64,"column":27}},"15":{"start":{"line":65,"column":4},"end":{"line":65,"column":35}},"16":{"start":{"line":65,"column":24},"end":{"line":65,"column":35}},"17":{"start":{"line":67,"column":4},"end":{"line":80,"column":5}},"18":{"start":{"line":70,"column":24},"end":{"line":70,"column":68}},"19":{"start":{"line":71,"column":24},"end":{"line":71,"column":73}},"20":{"start":{"line":72,"column":10},"end":{"line":77,"column":11}}},"fnMap":{"0":{"name":"Slider","decl":{"start":{"line":11,"column":11},"end":{"line":11,"column":17}},"loc":{"start":{"line":11,"column":30},"end":{"line":42,"column":3}},"line":11},"1":{"name":"(anonymous_1)","decl":{"start":{"line":15,"column":33},"end":{"line":15,"column":34}},"loc":{"start":{"line":15,"column":43},"end":{"line":18,"column":5}},"line":15},"2":{"name":"(anonymous_2)","decl":{"start":{"line":20,"column":39},"end":{"line":20,"column":40}},"loc":{"start":{"line":20,"column":49},"end":{"line":20,"column":59}},"line":20},"3":{"name":"SliderThumbs","decl":{"start":{"line":45,"column":9},"end":{"line":45,"column":21}},"loc":{"start":{"line":45,"column":51},"end":{"line":56,"column":1}},"line":45},"4":{"name":"(anonymous_4)","decl":{"start":{"line":49,"column":7},"end":{"line":49,"column":8}},"loc":{"start":{"line":50,"column":8},"end":{"line":52,"column":29}},"line":50},"5":{"name":"SliderMarks","decl":{"start":{"line":63,"column":11},"end":{"line":63,"column":22}},"loc":{"start":{"line":63,"column":35},"end":{"line":81,"column":3}},"line":63},"6":{"name":"(anonymous_6)","decl":{"start":{"line":69,"column":19},"end":{"line":69,"column":20}},"loc":{"start":{"line":69,"column":36},"end":{"line":78,"column":9}},"line":69}},"branchMap":{"0":{"loc":{"start":{"line":13,"column":18},"end":{"line":13,"column":51}},"type":"binary-expr","locations":[{"start":{"line":13,"column":18},"end":{"line":13,"column":36}},{"start":{"line":13,"column":40},"end":{"line":13,"column":51}}],"line":13},"1":{"loc":{"start":{"line":16,"column":6},"end":{"line":16,"column":76}},"type":"if","locations":[{"start":{"line":16,"column":6},"end":{"line":16,"column":76}},{"start":{},"end":{}}],"line":16},"2":{"loc":{"start":{"line":24,"column":9},"end":{"line":26,"column":9}},"type":"binary-expr","locations":[{"start":{"line":24,"column":9},"end":{"line":24,"column":14}},{"start":{"line":24,"column":18},"end":{"line":24,"column":28}},{"start":{"line":25,"column":10},"end":{"line":25,"column":58}}],"line":24},"3":{"loc":{"start":{"line":27,"column":9},"end":{"line":32,"column":9}},"type":"binary-expr","locations":[{"start":{"line":27,"column":9},"end":{"line":27,"column":14}},{"start":{"line":27,"column":18},"end":{"line":27,"column":27}},{"start":{"line":28,"column":10},"end":{"line":31,"column":19}}],"line":27},"4":{"loc":{"start":{"line":33,"column":51},"end":{"line":33,"column":76}},"type":"binary-expr","locations":[{"start":{"line":33,"column":51},"end":{"line":33,"column":63}},{"start":{"line":33,"column":67},"end":{"line":33,"column":76}}],"line":33},"5":{"loc":{"start":{"line":65,"column":4},"end":{"line":65,"column":35}},"type":"if","locations":[{"start":{"line":65,"column":4},"end":{"line":65,"column":35}},{"start":{},"end":{}}],"line":65},"6":{"loc":{"start":{"line":70,"column":24},"end":{"line":70,"column":68}},"type":"cond-expr","locations":[{
[...]
rt":{"line":95,"column":6},"end":{"line":95,"column":36}},"19":{"start":{"line":96,"column":6},"end":{"line":96,"column":31}},"20":{"start":{"line":98,"column":4},"end":{"line":98,"column":56}}},"fnMap":{"0":{"name":"(anonymous_0)","decl":{"start":{"line":21,"column":14},"end":{"line":21,"column":15}},"loc":{"start":{"line":21,"column":20},"end":{"line":23,"column":3}},"line":21},"1":{"name":"(anonymous_1)","decl":{"start":{"line":25,"column":16},"end":{"line":25,"column":17}},"loc":{"start":{"line":25,"column":32},"end":{"line":27,"column":3}},"line":25},"2":{"name":"(anonymous_2)","decl":{"start":{"line":29,"column":15},"end":{"line":29,"column":16}},"loc":{"start":{"line":29,"column":41},"end":{"line":34,"column":3}},"line":29},"3":{"name":"(anonymous_3)","decl":{"start":{"line":36,"column":15},"end":{"line":36,"column":16}},"loc":{"start":{"line":36,"column":62},"end":{"line":41,"column":3}},"line":36},"4":{"name":"(anonymous_4)","decl":{"start":{"line":43,"column":21},"end":{"line":43,"column":22}},"loc":{"start":{"line":43,"column":53},"end":{"line":48,"column":3}},"line":43},"5":{"name":"(anonymous_5)","decl":{"start":{"line":50,"column":15},"end":{"line":50,"column":16}},"loc":{"start":{"line":50,"column":31},"end":{"line":54,"column":3}},"line":50},"6":{"name":"(anonymous_6)","decl":{"start":{"line":58,"column":14},"end":{"line":58,"column":15}},"loc":{"start":{"line":58,"column":20},"end":{"line":60,"column":3}},"line":58},"7":{"name":"(anonymous_7)","decl":{"start":{"line":62,"column":16},"end":{"line":62,"column":17}},"loc":{"start":{"line":62,"column":32},"end":{"line":68,"column":3}},"line":62},"8":{"name":"(anonymous_8)","decl":{"start":{"line":63,"column":41},"end":{"line":63,"column":42}},"loc":{"start":{"line":63,"column":48},"end":{"line":63,"column":59}},"line":63},"9":{"name":"(anonymous_9)","decl":{"start":{"line":92,"column":15},"end":{"line":92,"column":16}},"loc":{"start":{"line":92,"column":31},"end":{"line":99,"column":3}},"line":92},"10":{"name":"(anonymous_10)","decl":{"start":{"line":93,"column":41},"end":{"line":93,"column":42}},"loc":{"start":{"line":93,"column":48},"end":{"line":93,"column":59}},"line":93}},"branchMap":{"0":{"loc":{"start":{"line":64,"column":4},"end":{"line":66,"column":5}},"type":"if","locations":[{"start":{"line":64,"column":4},"end":{"line":66,"column":5}},{"start":{},"end":{}}],"line":64},"1":{"loc":{"start":{"line":94,"column":4},"end":{"line":97,"column":5}},"type":"if","locations":[{"start":{"line":94,"column":4},"end":{"line":97,"column":5}},{"start":{},"end":{}}],"line":94}},"s":{"0":0,"1":0,"2":0,"3":0,"4":0,"5":0,"6":0,"7":0,"8":0,"9":0,"10":0,"11":0,"12":0,"13":0,"14":0,"15":0,"16":0,"17":0,"18":0,"19":0,"20":0},"f":{"0":0,"1":0,"2":0,"3":0,"4":0,"5":0,"6":0,"7":0,"8":0,"9":0,"10":0},"b":{"0":[0,0],"1":[0,0]}}
,"E:\\projects\\nadeeka\\dopamine-lite-optz-frontend_test_rauting\\src\\services\\lessons.ts": {"path":"E:\\projects\\nadeeka\\dopamine-lite-optz-frontend_test_rauting\\src\\services\\lessons.ts","statementMap":{"0":{"start":{"line":4,"column":38},"end":{"line":40,"column":1}},"1":{"start":{"line":42,"column":30},"end":{"line":70,"column":1}},"2":{"start":{"line":44,"column":4},"end":{"line":44,"column":64}},"3":{"start":{"line":48,"column":4},"end":{"line":48,"column":74}},"4":{"start":{"line":52,"column":4},"end":{"line":55,"column":7}},"5":{"start":{"line":59,"column":4},"end":{"line":62,"column":7}},"6":{"start":{"line":66,"column":4},"end":{"line":68,"column":7}},"7":{"start":{"line":72,"column":34},"end":{"line":116,"column":1}},"8":{"start":{"line":74,"column":20},"end":{"line":74,"column":69}},"9":{"start":{"line":74,"column":47},"end":{"line":74,"column":68}},"10":{"start":{"line":75,"column":4},"end":{"line":75,"column":36}},"11":{"start":{"line":79,"column":19},"end":{"line":79,"column":87}},"12":{"start":{"line":79,"column":44},"end":{"line":79,"column":86}},"13":{"start":{"line":80,"column":4},"end":{"line":82,"column":5}},"14":{"start":{"line":81,"column":6},"end":{"line":81,"column":37}},"15":{"start":{"line":83,"column":4},"end":{"line":83,"column":57}},"16":{"start":{"line":87,"column":30},"end":{"line":93,"column":5}},"17":{"start":{"line":94,"column":4},"end":{"line":94,"column":33}},"18":{"start":{"line":95,"column":4},"end":{"line":95,"column":38}},"19":{"start":{"line":99,"column":19},"end":{"line":99,"column":87}},"20":{"start":{"line":99,"column":44},"end":{"line":99,"column":86}},"21":{"start":{"line":100,"column":4},"end":{"line":104,"column":5}},"22":{"start":{"line":101,"column":6},"end":{"line":101,"column":34}},"23":{"start":{"line":102,"column":6},"end":{"line":102,"column":50}},"24":{"start":{"line":103,"column":6},"end":{"line":103,"column":37}},"25":{"start":{"line":105,"column":4},"end":{"line":105,"column":57}},"26":{"start":{"line":109,"column":18},"end":{"line":109,"column":91}},"27":{"start":{"line":109,"column":48},"end":{"line":109,"column":90}},"28":{"start":{"line":110,"column":4},"end":{"line":113,"column":5}},"29":{"start":{"line":111,"column":6},"end":{"line":111,"column":36}},"30":{"start":{"line":112,"column":6},"end":{"line":112,"column":31}},"31":{"start":{"line":114,"column":4},"end":{"line":114,"column":57}}},"fnMap":{"0":{"name":"(anonymous_0)","decl":{"start":{"line":43,"column":23},"end":{"line":43,"column":24}},"loc":{"start":{"line":43,"column":44},"end":{"line":45,"column":3}},"line":43},"1":{"name":"(anonymous_1)","decl":{"start":{"line":47,"column":13},"end":{"line":47,"column":14}},"loc":{"start":{"line":47,"column":52},"end":{"line":49,"column":3}},"line":47},"2":{"name":"(anonymous_2)","decl":{"start":{"line":51,"column":16},"end":{"line":51,"column":17}},"loc":{"start":{"line":51,"column":43},"end":{"line":56,"column":3}},"line":51},"3":{"name":"(anonymous_3)","decl":{"start":{"line":58,"column":16},"end":{"line":58,"column":17}},"loc":{"start":{"line":58,"column":87},"end":{"line":63,"column":3}},"line":58},"4":{"name":"(anonymous_4)","decl":{"start":{"line":65,"column":16},"end":{"line":65,"column":17}},"loc":{"start":{"line":65,"column":55},"end":{"line":69,"column":3}},"line":65},"5":{"name":"(anonymous_5)","decl":{"start":{"line":73,"column":23},"end":{"line":73,"column":24}},"loc":{"start":{"line":73,"column":44},"end":{"line":76,"column":3}},"line":73},"6":{"name":"(anonymous_6)","decl":{"start":{"line":74,"column":40},"end":{"line":74,"column":41}},"loc":{"start":{"line":74,"column":47},"end":{"line":74,"column":68}},"line":74},"7":{"name":"(anonymous_7)","decl":{"start":{"line":78,"column":13},"end":{"line":78,"column":14}},"loc":{"start":{"line":78,"column":52},"end":{"line":84,"column":3}},"line":78},"8":{"name":"(anonymous_8)","decl":{"start":{"line":79,"column":37},"end":{"line":79,"column":38}},"loc":{"start":{"line":79,"column":44},"end":{"line":79,"column":86}},"line":79},"9":{"name":"(anonymous_9)","decl":{"start":{"line":86,"column":16},"end":{"line":86,"column":17}},"loc":{"start":{"line":86,"column":43},"end":{"line":96,"column":3}},"line":86},"10":{"name":"(anonymous_10)","decl":{"start":{"line":98,"column":16},"end":{"line":98,"column":17}},"loc":{"start":{"line":98,"column":87},"end":{"line":106,"column":3}},"line":98},"11":{"name":"(anonymous_11)","decl":{"start":{"line":99,"column":37},"end":{"line":99,"column":38}},"loc":{"start":{"line":99,"column":44},"end":{"line":99,"column":86}},"line":99},"12":{"name":"(anonymous_12)","decl":{"start":{"line":108,"column":16},"end":{"line":108,"column":17}},"loc":{"start":{"line":108,"column":55},"end":{"line":115,"column":3}},"line":108},"13":{"name":"(anonymous_13)","decl":{"start":{"line":109,"column":41},"end":{"line":109,"column":42}},"loc":{"start":{"line":109,"column":48},"end":{"line":109,"column":90}},"line":109}},"branchMap":{"0":{"loc":{"start":{"line":79,"column":44},"end":{"line":79,"column":86}},"type":"binary-expr","locations":[{"start":{"line":79,"column":44},"end":{"line":79,"column":65}},{"start":{"line":79,"column":69},"end":{"line":79,"column":86}}],"line":79},"1":{"loc":{"start":{"line":80,"column":4},"end":{"line":82,"column":5}},"type":"if","locations":[{"start":{"line":80,"column":4},"end":{"line":82,"column":5}},{"start":{},"end":{}}],"line":80},"2":{"loc":{"start":{"line":99,"column":44},"end":{"line":99,"column":86}},"type":"binary-expr","locations":[{"start":{"line":99,"column":44},"end":{"line":99,"column":65}},{"start":{"line":99,"column":69},"end":{"line":99,"column":86}}],"line":99},"3":{"loc":{"start":{"line":100,"column":4},"end":{"line":104,"column":5}},"type":"if","locations":[{"start":{"line":100,"column":4},"end":{"line":104,"column":5}},{"start":{},"end":{}}],"line":100},"4":{"loc":{"start":{"line":109,"column":48},"end":{"line":109,"column":90}},"type":"binary-expr","locations":[{"start":{"line":109,"column":48},"end":{"line":109,"column":69}},{"start":{"line":109,"column":73},"end":{"line":109,"column":90}}],"line":109},"5":{"loc":{"start":{"line":110,"column":4},"end":{"line":113,"column":5}},"type":"if","locations":[{"start":{"line":110,"column":4},"end":{"line":113,"column":5}},{"start":{},"end":{}}],"line":110}},"s":{"0":0,"1":0,"2":0,"3":0,"4":0,"5":0,"6":0,"7":0,"8":0,"9":0,"10":0,"11":0,"12":0,"13":0,"14":0,"15":0,"16":0,"17":0,"18":0,"19":0,"20":0,"21":0,"22":0,"23":0,"24":0,"25":0,"26":0,"27":0,"28":0,"29":0,"30":0,"31":0},"f":{"0":0,"1":0,"2":0,"3":0,"4":0,"5":0,"6":0,"7":0,"8":0,"9":0,"10":0,"11":0,"12":0,"13":0},"b":{"0":[0,0],"1":[0,0],"2":[0,0],"3":[0,0],"4":[0,0],"5":[0,0]}}
,"E:\\projects\\nadeeka\\dopamine-lite-optz-frontend_test_rauting\\src\\services\\notes.ts": {"path":"E:\\projects\\nadeeka\\dopamine-lite-optz-frontend_test_rauting\\src\\services\\notes.ts","statementMap":{"0":{"start":{"line":25,"column":34},"end":{"line":62,"column":1}},"1":{"start":{"line":64,"column":28},"end":{"line":99,"column":1}},"2":{"start":{"line":66,"column":4},"end":{"line":66,"column":60}},"3":{"start":{"line":70,"column":4},"end":{"line":70,"column":68}},"4":{"start":{"line":74,"column":4},"end":{"line":77,"column":7}},"5":{"start":{"line":81,"column":4},"end":{"line":84,"column":7}},"6":{"start":{"line":88,"column":4},"end":{"line":90,"column":7}},"7":{"start":{"line":101,"column":32},"end":{"line":151,"column":1}},"8":{"start":{"line":103,"column":18},"end":{"line":103,"column":65}},"9":{"start":{"line":103,"column":43},"end":{"line":103,"column":64}},"10":{"start":{"line":104,"column":4},"end":{"line":104,"column":34}},"11":{"start":{"line":108,"column":17},"end":{"line":108,"column":81}},"12":{"start":{"line":108,"column":40},"end":{"line":108,"column":80}},"13":{"start":{"line":109,"column":4},"end":{"line":111,"column":5}},"14":{"start":{"line":110,"column":6},"end":{"line":110,"column":35}},"15":{"start":{"line":112,"column":4},"end":{"line":112,"column":55}},"16":{"start":{"line":116,"column":26},"end":{"line":122,"column":5}},"17":{"start":{"line":123,"column":4},"end":{"line":123,"column":29}},"18":{"start":{"line":124,"column":4},"end":{"line":124,"column":36}},"19":{"start":{"line":128,"column":17},"end":{"line":128,"column":81}},"20":{"start":{"line":128,"column":40},"end":{"line":128,"column":80}},"21":{"start":{"line":129,"column":4},"end":{"line":133,"column":5}},"22":{"start":{"line":130,"column":6},"end":{"line":130,"column":32}},"23":{"start":{"line":131,"column":6},"end":{"line":131,"column":48}},"24":{"start":{"line":132,"column":6},"end":{"line":132,"column":35}},"25":{"start":{"line":134,"column":4},"end":{"line":134,"column":55}},"26":{"start":{"line":138,"column":18},"end":{"line":138,"column":87}},"27":{"start":{"line":138,"column":46},"end":{"line":138,"column":86}},"28":{"start":{"line":139,"column":4},"end":{"line":142,"column":5}},"29":{"start":{"line":140,"column":6},"end":{"line":140,"column":34}},"30":{"start":{"line":141,"column":6},"end":{"line":141,"column":31}},"31":{"start":{"line":143,"column":4},"end":{"line":143,"column":55}},"32":{"start":{"line":148,"column":4},"end":{"line":148,"column":68}},"33":{"start":{"line":149,"column":4},"end":{"line":149,"column":89}}},"fnMap":{"0":{"name":"(anonymous_0)","decl":{"start":{"line":65,"column":21},"end":{"line":65,"column":22}},"loc":{"start":{"line":65,"column":42},"end":{"line":67,"column":3}},"line":65},"1":{"name":"(anonymous_1)","decl":{"start":{"line":69,"column":11},"end":{"line":69,"column":12}},"loc":{"start":{"line":69,"column":48},"end":{"line":71,"column":3}},"line":69},"2":{"name":"(anonymous_2)","decl":{"start":{"line":73,"column":14},"end":{"line":73,"column":15}},"loc":{"start":{"line":73,"column":39},"end":{"line":78,"column":3}},"line":73},"3":{"name":"(anonymous_3)","decl":{"start":{"line":80,"column":14},"end":{"line":80,"column":15}},"loc":{"start":{"line":80,"column":81},"end":{"line":85,"column":3}},"line":80},"4":{"name":"(anonymous_4)","decl":{"start":{"line":87,"column":14},"end":{"line":87,"column":15}},"loc":{"start":{"line":87,"column":51},"end":{"line":91,"column":3}},"line":87},"5":{"name":"(anonymous_5)","decl":{"start":{"line":102,"column":21},"end":{"line":102,"column":22}},"loc":{"start":{"line":102,"column":42},"end":{"line":105,"column":3}},"line":102},"6":{"name":"(anonymous_6)","decl":{"start":{"line":103,"column":36},"end":{"line":103,"column":37}},"loc":{"start":{"line":103,"column":43},"end":{"line":103,"column":64}},"line":103},"7":{"name":"(anonymous_7)","decl":{"start":{"line":107,"column":11},"end":{"line":107,"column":12}},"loc":{"start":{"line":107,"column":48},"end":{"line":113,"column":3}},"line":107},"8":{"name":"(anonymous_8)","decl":{"start":{"line":108,"column":33},"end":{"line":108,"column":34}},"loc":{"start":{"line":108,"column":40},"end":{"line":108,"column":80}},"line":108},"9":{"name":"(anonymous_9)","decl":{"start":{"line":115,"column":14},"end":{"line":115,"column":15}},"loc":{"start":{"line":115,"column":39},"end":{"line":125,"column":3}},"line":115},"10":{"name":"(anonymous_10)","decl":{"start":{"line":127,"column":14},"end":{"line":127,"column":15}},"loc":{"start":{"line":127,"column":81},"end":{"line":135,"column":3}},"line":127},"11":{"name":"(anonymous_11)","decl":{"start":{"line":128,"column":33},"end":{"line":128,"column":34}},"loc":{"start":{"line":128,"column":40},"end":{"line":128,"column":80}},"line":128},"12":{"name":"(anonymous_12)","decl":{"start":{"line":137,"column":14},"end":{"line":137,"column":15}},"loc":{"start":{"line":137,"column":51},"end":{"line":144,"column":3}},"line":137},"13":{"name":"(anonymous_13)","decl":{"start":{"line":138,"column":39},"end":{"line":138,"column":40}},"loc":{"start":{"line":138,"column":46},"end":{"line":138,"column":86}},"line":138},"14":{"name":"(anonymous_14)","decl":{"start":{"line":146,"column":16},"end":{"line":146,"column":17}},"loc":{"start":{"line":146,"column":53},"end":{"line":150,"column":3}},"line":146}},"branchMap":{"0":{"loc":{"start":{"line":108,"column":40},"end":{"line":108,"column":80}},"type":"binary-expr","locations":[{"start":{"line":108,"column":40},"end":{"line":108,"column":61}},{"start":{"line":108,"column":65},"end":{"line":108,"column":80}}],"line":108},"1":{"loc":{"start":{"line":109,"column":4},"end":{"line":111,"column":5}},"type":"if","locations":[{"start":{"line":109,"column":4},"end":{"line":111,"column":5}},{"start":{},"end":{}}],"line":109},"2":{"loc":{"start":{"line":128,"column":40},"end":{"line":128,"column":80}},"type":"binary-expr","locations":[{"start":{"line":128,"column":40},"end":{"line":128,"column":61}},{"start":{"line":128,"column":65},"end":{"line":128,"column":80}}],"line":128},"3":{"loc":{"start":{"line":129,"column":4},"end":{"line":133,"column":5}},"type":"if","locations":[{"start":{"line":129,"column":4},"end":{"line":133,"column":5}},{"start":{},"end":{}}],"line":129},"4":{"loc":{"start":{"line":138,"column":46},"end":{"line":138,"column":86}},"type":"binary-expr","locations":[{"start":{"line":138,"column":46},"end":{"line":138,"column":67}},{"start":{"line":138,"column":71},"end":{"line":138,"column":86}}],"line":138},"5":{"loc":{"start":{"line":139,"column":4},"end":{"line":142,"column":5}},"type":"if","locations":[{"start":{"line":139,"column":4},"end":{"line":142,"column":5}},{"start":{},"end":{}}],"line":139}},"s":{"0":0,"1":0,"2":0,"3":0,"4":0,"5":0,"6":0,"7":0,"8":0,"9":0,"10":0,"11":0,"12":0,"13":0,"14":0,"15":0,"16":0,"17":0,"18":0,"19":0,"20":0,"21":0,"22":0,"23":0,"24":0,"25":0,"26":0,"27":0,"28":0,"29":0,"30":0,"31":0,"32":0,"33":0},"f":{"0":0,"1":0,"2":0,"3":0,"4":0,"5":0,"6":0,"7":0,"8":0,"9":0,"10":0,"11":0,"12":0,"13":0,"14":0},"b":{"0":[0,0],"1":[0,0],"2":[0,0],"3":[0,0],"4":[0,0],"5":[0,0]}}
,"E:\\projects\\nadeeka\\dopamine-lite-optz-frontend_test_rauting\\src\\state\\index.ts": {"path":"E:\\projects\\nadeeka\\dopamine-lite-optz-frontend_test_rauting\\src\\state\\index.ts","statementMap":{"0":{"start":{"line":4,"column":21},"end":{"line":8,"column":2}}},"fnMap":{},"branchMap":{},"s":{"0":0},"f":{},"b":{}}
,"E:\\projects\\nadeeka\\dopamine-lite-optz-frontend_test_rauting\\src\\state\\slices\\userSlice.ts": {"path":"E:\\projects\\nadeeka\\dopamine-lite-optz-frontend_test_rauting\\src\\state\\slices\\userSlice.ts","statementMap":{"0":{"start":{"line":12,"column":32},"end":{"line":19,"column":1}},"1":{"start":{"line":21,"column":18},"end":{"line":32,"column":2}},"2":{"start":{"line":26,"column":6},"end":{"line":26,"column":86}},"3":{"start":{"line":29,"column":6},"end":{"line":29,"column":49}},"4":{"start":{"line":34,"column":38},"end":{"line":34,"column":55}}},"fnMap":{"0":{"name":"(anonymous_0)","decl":{"start":{"line":25,"column":13},"end":{"line":25,"column":14}},"loc":{"start":{"line":25,"column":67},"end":{"line":27,"column":5}},"line":25},"1":{"name":"(anonymous_1)","decl":{"start":{"line":28,"column":15},"end":{"line":28,"column":16}},"loc":{"start":{"line":28,"column":27},"end":{"line":30,"column":5}},"line":28}},"branchMap":{},"s":{"0":0,"1":0,"2":0,"3":0,"4":0},"f":{"0":0,"1":0},"b":{}}
,"E:\\projects\\nadeeka\\dopamine-lite-optz-frontend_test_rauting\\src\\themes\\amplifytheme.ts": {"path":"E:\\projects\\nadeeka\\dopamine-lite-optz-frontend_test_rauting\\src\\themes\\amplifytheme.ts","statementMap":{"0":{"start":{"line":3,"column":21},"end":{"line":79,"column":2}}},"fnMap":{},"branchMap":{},"s":{"0":0},"f":{},"b":{}}
,"E:\\projects\\nadeeka\\dopamine-lite-optz-frontend_test_rauting\\src\\themes\\colors.ts": {"path":"E:\\projects\\nadeeka\\dopamine-lite-optz-frontend_test_rauting\\src\\themes\\colors.ts","statementMap":{"0":{"start":{"line":1,"column":34},"end":{"line":12,"column":1}}},"fnMap":{},"branchMap":{},"s":{"0":0},"f":{},"b":{}}
,"E:\\projects\\nadeeka\\dopamine-lite-optz-frontend_test_rauting\\src\\themes\\font.ts": {"path":"E:\\projects\\nadeeka\\dopamine-lite-optz-frontend_test_rauting\\src\\themes\\font.ts","statementMap":{"0":{"start":{"line":4,"column":18},"end":{"line":29,"column":2}}},"fnMap":{},"branchMap":{},"s":{"0":0},"f":{},"b":{}}
,"E:\\projects\\nadeeka\\dopamine-lite-optz-frontend_test_rauting\\src\\types\\access-group.types.ts": {"path":"E:\\projects\\nadeeka\\dopamine-lite-optz-frontend_test_rauting\\src\\types\\access-group.types.ts","statementMap":{},"fnMap":{},"branchMap":{},"s":{},"f":{},"b":{}}
,"E:\\projects\\nadeeka\\dopamine-lite-optz-frontend_test_rauting\\src\\types\\class.types.ts": {"path":"E:\\projects\\nadeeka\\dopamine-lite-optz-frontend_test_rauting\\src\\types\\class.types.ts","statementMap":{},"fnMap":{},"branchMap":{},"s":{},"f":{},"b":{}}
,"E:\\projects\\nadeeka\\dopamine-lite-optz-frontend_test_rauting\\src\\types\\lesson.types.ts": {"path":"E:\\projects\\nadeeka\\dopamine-lite-optz-frontend_test_rauting\\src\\types\\lesson.types.ts","statementMap":{},"fnMap":{},"branchMap":{},"s":{},"f":{},"b":{}}
,"E:\\projects\\nadeeka\\dopamine-lite-optz-frontend_test_rauting\\src\\types\\month.type.ts": {"path":"E:\\projects\\nadeeka\\dopamine-lite-optz-frontend_test_rauting\\src\\types\\month.type.ts","statementMap":{},"fnMap":{},"branchMap":{},"s":{},"f":{},"b":{}}
}
