TN:
SF:src\App.tsx
FN:28,App
FN:30,(anonymous_1)
FN:33,(anonymous_2)
FN:34,(anonymous_3)
FNF:4
FNH:4
FNDA:1,App
FNDA:2,(anonymous_1)
FNDA:1,(anonymous_2)
FNDA:1,(anonymous_3)
DA:29,1
DA:30,2
DA:33,1
DA:34,1
DA:35,1
DA:36,1
DA:37,0
DA:39,0
DA:40,0
DA:41,0
DA:42,0
DA:43,0
DA:45,0
DA:53,1
DA:54,1
DA:58,1
DA:61,1
DA:62,0
DA:75,1
LF:19
LH:11
BRDA:37,0,0,0
BRDA:37,0,1,0
BRDA:49,1,0,0
BRDA:49,1,1,0
BRDA:61,2,0,0
BRDA:61,2,1,1
BRDA:83,3,0,0
BRDA:83,3,1,1
BRDA:104,4,0,0
BRDA:104,4,1,1
BRF:10
BRH:3
end_of_record
TN:
SF:src\aws-exports.ts
FNF:0
FNH:0
DA:4,0
LF:1
LH:0
BRF:0
BRH:0
end_of_record
TN:
SF:src\main.tsx
FNF:0
FNH:0
DA:11,0
DA:42,0
LF:2
LH:0
BRF:0
BRH:0
end_of_record
TN:
SF:src\assets\static\belongingLessons.ts
FNF:0
FNH:0
DA:3,1
LF:1
LH:1
BRF:0
BRH:0
end_of_record
TN:
SF:src\components\Footer.tsx
FN:3,Footer
FNF:1
FNH:0
FNDA:0,Footer
DA:4,0
LF:1
LH:0
BRF:0
BRH:0
end_of_record
TN:
SF:src\components\Layout.tsx
FN:7,Layout
FNF:1
FNH:0
FNDA:0,Layout
DA:8,0
LF:1
LH:0
BRF:0
BRH:0
end_of_record
TN:
SF:src\components\Navbar.tsx
FN:24,(anonymous_0)
FN:32,Navbar
FN:37,(anonymous_2)
FN:46,(anonymous_3)
FN:51,(anonymous_4)
FN:56,(anonymous_5)
FN:73,(anonymous_6)
FNF:7
FNH:0
FNDA:0,(anonymous_0)
FNDA:0,Navbar
FNDA:0,(anonymous_2)
FNDA:0,(anonymous_3)
FNDA:0,(anonymous_4)
FNDA:0,(anonymous_5)
FNDA:0,(anonymous_6)
DA:24,1
DA:25,0
DA:30,1
DA:33,0
DA:34,0
DA:35,0
DA:37,0
DA:38,0
DA:39,0
DA:40,0
DA:42,0
DA:46,0
DA:47,0
DA:48,0
DA:51,0
DA:52,0
DA:53,0
DA:55,0
DA:56,0
DA:57,0
DA:103,0
LF:21
LH:2
BRDA:144,0,0,0
BRDA:144,0,1,0
BRF:2
BRH:0
end_of_record
TN:
SF:src\components\NavbarStatic.tsx
FN:5,NavbarStatic
FN:12,(anonymous_1)
FN:23,(anonymous_2)
FN:24,(anonymous_3)
FN:26,(anonymous_4)
FNF:5
FNH:0
FNDA:0,NavbarStatic
FNDA:0,(anonymous_1)
FNDA:0,(anonymous_2)
FNDA:0,(anonymous_3)
FNDA:0,(anonymous_4)
DA:9,0
LF:1
LH:0
BRF:0
BRH:0
end_of_record
TN:
SF:src\components\ProtectedRoute.tsx
FN:7,(anonymous_0)
FN:8,(anonymous_1)
FNF:2
FNH:0
FNDA:0,(anonymous_0)
FNDA:0,(anonymous_1)
DA:7,0
DA:8,0
DA:10,0
DA:11,0
DA:14,0
LF:5
LH:0
BRDA:10,0,0,0
BRDA:10,0,1,0
BRF:2
BRH:0
end_of_record
TN:
SF:src\components\SideDrawer.tsx
FN:33,(anonymous_0)
FN:39,(anonymous_1)
FN:40,(anonymous_2)
FN:56,(anonymous_3)
FN:60,(anonymous_4)
FN:65,(anonymous_5)
FN:69,(anonymous_6)
FN:73,(anonymous_7)
FN:95,(anonymous_8)
FN:126,(anonymous_9)
FN:135,(anonymous_10)
FN:169,(anonymous_11)
FN:177,(anonymous_12)
FNF:13
FNH:0
FNDA:0,(anonymous_0)
FNDA:0,(anonymous_1)
FNDA:0,(anonymous_2)
FNDA:0,(anonymous_3)
FNDA:0,(anonymous_4)
FNDA:0,(anonymous_5)
FNDA:0,(anonymous_6)
FNDA:0,(anonymous_7)
FNDA:0,(anonymous_8)
FNDA:0,(anonymous_9)
FNDA:0,(anonymous_10)
FNDA:0,(anonymous_11)
FNDA:0,(anonymous_12)
DA:33,1
DA:34,0
DA:35,0
DA:36,0
DA:37,0
DA:39,0
DA:40,0
DA:41,0
DA:42,0
DA:43,0
DA:44,0
DA:45,0
DA:46,0
DA:48,0
DA:53,0
DA:56,0
DA:57,0
DA:60,0
DA:61,0
DA:62,0
DA:65,0
DA:66,0
DA:69,0
DA:70,0
DA:73,0
DA:74,0
DA:77,0
DA:96,0
DA:127,0
DA:135,0
DA:170,0
DA:177,0
LF:32
LH:1
BRDA:41,0,0,0
BRDA:41,0,1,0
BRDA:96,1,0,0
BRDA:96,1,1,0
BRDA:106,2,0,0
BRDA:106,2,1,0
BRDA:136,3,0,0
BRDA:136,3,1,0
BRF:8
BRH:0
end_of_record
TN:
SF:src\components\VideoPlayer.tsx
FN:27,VideoPlayer
FN:43,(anonymous_1)
FN:44,(anonymous_2)
FN:47,(anonymous_3)
FN:48,(anonymous_4)
FN:53,(anonymous_5)
FN:54,(anonymous_6)
FN:62,(anonymous_7)
FN:64,(anonymous_8)
FN:70,(anonymous_9)
FN:71,(anonymous_10)
FN:78,(anonymous_11)
FN:98,(anonymous_12)
FN:104,(anonymous_13)
FN:109,(anonymous_14)
FN:117,(anonymous_15)
FN:122,(anonymous_16)
FN:132,(anonymous_17)
FN:140,(anonymous_18)
FN:140,(anonymous_19)
FN:141,(anonymous_20)
FN:141,(anonymous_21)
FN:142,(anonymous_22)
FN:142,(anonymous_23)
FN:143,(anonymous_24)
FN:143,(anonymous_25)
FN:144,(anonymous_26)
FN:144,(anonymous_27)
FN:145,(anonymous_28)
FN:145,(anonymous_29)
FN:146,(anonymous_30)
FN:146,(anonymous_31)
FN:147,(anonymous_32)
FN:147,(anonymous_33)
FN:153,(anonymous_34)
FN:159,(anonymous_35)
FN:160,(anonymous_36)
FN:164,(anonymous_37)
FN:168,(anonymous_38)
FN:183,(anonymous_39)
FN:191,(anonymous_40)
FN:195,(anonymous_41)
FN:207,(anonymous_42)
FN:212,(anonymous_43)
FN:214,(anonymous_44)
FN:217,(anonymous_45)
FN:219,(anonymous_46)
FN:232,(anonymous_47)
FN:232,(anonymous_48)
FN:246,(anonymous_49)
FN:304,(anonymous_50)
FN:342,(anonymous_51)
FNF:52
FNH:0
FNDA:0,VideoPlayer
FNDA:0,(anonymous_1)
FNDA:0,(anonymous_2)
FNDA:0,(anonymous_3)
FNDA:0,(anonymous_4)
FNDA:0,(anonymous_5)
FNDA:0,(anonymous_6)
FNDA:0,(anonymous_7)
FNDA:0,(anonymous_8)
FNDA:0,(anonymous_9)
FNDA:0,(anonymous_10)
FNDA:0,(anonymous_11)
FNDA:0,(anonymous_12)
FNDA:0,(anonymous_13)
FNDA:0,(anonymous_14)
FNDA:0,(anonymous_15)
FNDA:0,(anonymous_16)
FNDA:0,(anonymous_17)
FNDA:0,(anonymous_18)
FNDA:0,(anonymous_19)
FNDA:0,(anonymous_20)
FNDA:0,(anonymous_21)
FNDA:0,(anonymous_22)
FNDA:0,(anonymous_23)
FNDA:0,(anonymous_24)
FNDA:0,(anonymous_25)
FNDA:0,(anonymous_26)
FNDA:0,(anonymous_27)
FNDA:0,(anonymous_28)
FNDA:0,(anonymous_29)
FNDA:0,(anonymous_30)
FNDA:0,(anonymous_31)
FNDA:0,(anonymous_32)
FNDA:0,(anonymous_33)
FNDA:0,(anonymous_34)
FNDA:0,(anonymous_35)
FNDA:0,(anonymous_36)
FNDA:0,(anonymous_37)
FNDA:0,(anonymous_38)
FNDA:0,(anonymous_39)
FNDA:0,(anonymous_40)
FNDA:0,(anonymous_41)
FNDA:0,(anonymous_42)
FNDA:0,(anonymous_43)
FNDA:0,(anonymous_44)
FNDA:0,(anonymous_45)
FNDA:0,(anonymous_46)
FNDA:0,(anonymous_47)
FNDA:0,(anonymous_48)
FNDA:0,(anonymous_49)
FNDA:0,(anonymous_50)
FNDA:0,(anonymous_51)
DA:28,0
DA:29,0
DA:30,0
DA:43,0
DA:44,0
DA:47,0
DA:48,0
DA:49,0
DA:53,0
DA:54,0
DA:57,0
DA:58,0
DA:62,0
DA:63,0
DA:64,0
DA:70,0
DA:71,0
DA:72,0
DA:73,0
DA:78,0
DA:79,0
DA:80,0
DA:81,0
DA:82,0
DA:83,0
DA:86,0
DA:87,0
DA:89,0
DA:90,0
DA:91,0
DA:92,0
DA:93,0
DA:95,0
DA:96,0
DA:98,0
DA:99,0
DA:100,0
DA:101,0
DA:104,0
DA:105,0
DA:106,0
DA:109,0
DA:110,0
DA:111,0
DA:113,0
DA:114,0
DA:115,0
DA:117,0
DA:118,0
DA:119,0
DA:122,0
DA:123,0
DA:127,0
DA:128,0
DA:132,0
DA:133,0
DA:134,0
DA:136,0
DA:137,0
DA:139,0
DA:140,0
DA:141,0
DA:142,0
DA:143,0
DA:144,0
DA:145,0
DA:146,0
DA:147,0
DA:153,0
DA:154,0
DA:157,0
DA:159,0
DA:160,0
DA:161,0
DA:163,0
DA:164,0
DA:168,0
DA:169,0
DA:171,0
DA:172,0
DA:173,0
DA:175,0
DA:176,0
DA:179,0
DA:182,0
DA:184,0
DA:185,0
DA:186,0
DA:188,0
DA:192,0
DA:193,0
DA:196,0
DA:197,0
DA:198,0
DA:199,0
DA:201,0
DA:204,0
DA:208,0
DA:209,0
DA:210,0
DA:211,0
DA:212,0
DA:215,0
DA:216,0
DA:217,0
DA:220,0
DA:221,0
DA:225,0
DA:232,0
DA:246,0
DA:304,0
DA:342,0
LF:112
LH:0
BRDA:57,0,0,0
BRDA:57,0,1,0
BRDA:63,1,0,0
BRDA:63,1,1,0
BRDA:72,2,0,0
BRDA:72,2,1,0
BRDA:82,3,0,0
BRDA:82,3,1,0
BRDA:89,4,0,0
BRDA:89,4,1,0
BRDA:113,5,0,0
BRDA:113,5,1,0
BRDA:134,6,0,0
BRDA:134,6,1,0
BRDA:169,7,0,0
BRDA:169,7,1,0
BRDA:169,8,0,0
BRDA:169,8,1,0
BRDA:175,9,0,0
BRDA:175,9,1,0
BRDA:184,10,0,0
BRDA:184,10,1,0
BRDA:185,11,0,0
BRDA:185,11,1,0
BRDA:192,12,0,0
BRDA:192,12,1,0
BRDA:196,13,0,0
BRDA:196,13,1,0
BRDA:198,14,0,0
BRDA:198,14,1,0
BRDA:208,15,0,0
BRDA:208,15,1,0
BRDA:215,16,0,0
BRDA:215,16,1,0
BRDA:220,17,0,0
BRDA:220,17,1,0
BRDA:221,18,0,0
BRDA:221,18,1,0
BRDA:233,19,0,0
BRDA:233,19,1,0
BRDA:243,20,0,0
BRDA:243,20,1,0
BRDA:250,21,0,0
BRDA:250,21,1,0
BRDA:266,22,0,0
BRDA:266,22,1,0
BRDA:266,22,2,0
BRDA:272,23,0,0
BRDA:272,23,1,0
BRDA:278,24,0,0
BRDA:278,24,1,0
BRDA:293,25,0,0
BRDA:293,25,1,0
BRDA:294,26,0,0
BRDA:294,26,1,0
BRDA:303,27,0,0
BRDA:303,27,1,0
BRDA:324,28,0,0
BRDA:324,28,1,0
BRDA:334,29,0,0
BRDA:334,29,1,0
BRDA:375,30,0,0
BRDA:375,30,1,0
BRF:63
BRH:0
end_of_record
TN:
SF:src\components\ui\AchievementHighlights.tsx
FN:8,(anonymous_0)
FNF:1
FNH:0
FNDA:0,(anonymous_0)
DA:8,0
DA:9,0
LF:2
LH:0
BRF:0
BRH:0
end_of_record
TN:
SF:src\components\ui\Homecard1.tsx
FN:20,(anonymous_0)
FNF:1
FNH:0
FNDA:0,(anonymous_0)
DA:20,0
DA:28,0
LF:2
LH:0
BRF:0
BRH:0
end_of_record
TN:
SF:src\components\ui\NotesCard.tsx
FN:6,(anonymous_0)
FN:8,(anonymous_1)
FNF:2
FNH:0
FNDA:0,(anonymous_0)
FNDA:0,(anonymous_1)
DA:6,1
DA:8,0
DA:9,0
DA:10,0
DA:11,0
DA:12,0
DA:13,0
DA:14,0
DA:17,0
LF:9
LH:1
BRF:0
BRH:0
end_of_record
TN:
SF:src\components\ui\TelegramGroupCard.tsx
FN:5,(anonymous_0)
FNF:1
FNH:0
FNDA:0,(anonymous_0)
DA:5,1
DA:6,0
DA:7,0
LF:3
LH:1
BRF:0
BRH:0
end_of_record
TN:
SF:src\components\ui\avatar.tsx
FN:19,Avatar
FN:40,AvatarFallback
FN:54,getInitials
FN:66,AvatarGroup
FNF:4
FNH:0
FNDA:0,Avatar
FNDA:0,AvatarFallback
FNDA:0,getInitials
FNDA:0,AvatarGroup
DA:18,0
DA:21,0
DA:22,0
DA:39,0
DA:41,0
DA:42,0
DA:55,0
DA:56,0
DA:57,0
DA:58,0
DA:65,0
DA:67,0
DA:68,0
LF:13
LH:0
BRDA:45,0,0,0
BRDA:45,0,1,0
BRDA:45,0,2,0
BRDA:46,1,0,0
BRDA:46,1,1,0
BRDA:46,1,2,0
BRDA:56,2,0,0
BRDA:56,2,1,0
BRDA:57,3,0,0
BRDA:57,3,1,0
BRDA:58,4,0,0
BRDA:58,4,1,0
BRDA:58,5,0,0
BRDA:58,5,1,0
BRF:14
BRH:0
end_of_record
TN:
SF:src\components\ui\button.tsx
FN:18,Button
FNF:1
FNH:0
FNDA:0,Button
DA:17,1
DA:19,0
DA:20,0
LF:3
LH:1
BRDA:21,0,0,0
BRDA:21,0,1,0
BRDA:22,1,0,0
BRDA:22,1,1,0
BRDA:22,2,0,0
BRDA:22,2,1,0
BRDA:29,3,0,0
BRDA:29,3,1,0
BRDA:29,4,0,0
BRDA:29,4,1,0
BRF:10
BRH:0
end_of_record
TN:
SF:src\components\ui\checkbox.tsx
FN:11,Checkbox
FNF:1
FNH:0
FNDA:0,Checkbox
DA:10,0
DA:12,0
DA:13,0
LF:3
LH:0
BRDA:17,0,0,0
BRDA:17,0,1,0
BRDA:19,1,0,0
BRDA:19,1,1,0
BRF:4
BRH:0
end_of_record
TN:
SF:src\components\ui\close-button.tsx
FN:11,CloseButton
FNF:1
FNH:0
FNDA:0,CloseButton
DA:8,1
DA:12,0
LF:2
LH:1
BRDA:14,0,0,0
BRDA:14,0,1,0
BRF:2
BRH:0
end_of_record
TN:
SF:src\components\ui\color-mode.tsx
FN:12,ColorModeProvider
FN:18,useColorMode
FN:20,(anonymous_2)
FN:30,useColorModeValue
FN:35,ColorModeIcon
FN:45,ColorModeButton
FNF:6
FNH:0
FNDA:0,ColorModeProvider
FNDA:0,useColorMode
FNDA:0,(anonymous_2)
FNDA:0,useColorModeValue
FNDA:0,ColorModeIcon
FNDA:0,ColorModeButton
DA:13,0
DA:19,0
DA:20,0
DA:21,0
DA:23,0
DA:31,0
DA:32,0
DA:36,0
DA:37,0
DA:42,0
DA:46,0
DA:47,0
LF:12
LH:0
BRDA:21,0,0,0
BRDA:21,0,1,0
BRDA:32,1,0,0
BRDA:32,1,1,0
BRDA:37,2,0,0
BRDA:37,2,1,0
BRF:6
BRH:0
end_of_record
TN:
SF:src\components\ui\dialog.tsx
FN:14,DialogContent
FN:38,DialogCloseTrigger
FNF:2
FNH:0
FNDA:0,DialogContent
FNDA:0,DialogCloseTrigger
DA:11,0
DA:21,0
DA:23,0
DA:35,0
DA:39,0
DA:54,0
DA:55,0
DA:56,0
DA:57,0
DA:58,0
DA:59,0
DA:60,0
DA:61,0
DA:62,0
LF:14
LH:0
BRDA:17,0,0,0
BRDA:19,1,0,0
BRDA:25,2,0,0
BRDA:25,2,1,0
BRF:4
BRH:0
end_of_record
TN:
SF:src\components\ui\drawer.tsx
FN:21,DrawerContent
FN:41,DrawerCloseTrigger
FNF:2
FNH:0
FNDA:0,DrawerContent
FNDA:0,DrawerCloseTrigger
DA:20,1
DA:22,0
DA:23,0
DA:33,1
DA:34,1
DA:35,1
DA:36,1
DA:37,1
DA:38,1
DA:40,1
DA:42,0
LF:11
LH:8
BRDA:22,0,0,0
BRF:1
BRH:0
end_of_record
TN:
SF:src\components\ui\field.tsx
FN:12,Field
FNF:1
FNH:0
FNDA:0,Field
DA:11,0
DA:14,0
DA:15,0
LF:3
LH:0
BRDA:17,0,0,0
BRDA:17,0,1,0
BRDA:24,1,0,0
BRDA:24,1,1,0
BRDA:27,2,0,0
BRDA:27,2,1,0
BRF:6
BRH:0
end_of_record
TN:
SF:src\components\ui\homecard.tsx
FN:10,(anonymous_0)
FNF:1
FNH:0
FNDA:0,(anonymous_0)
DA:10,0
DA:11,0
LF:2
LH:0
BRF:0
BRH:0
end_of_record
TN:
SF:src\components\ui\input-group.tsx
FN:16,InputGroup
FNF:1
FNH:0
FNDA:0,InputGroup
DA:15,0
DA:26,0
DA:29,0
DA:31,0
LF:4
LH:0
BRDA:23,0,0,0
BRDA:24,1,0,0
BRDA:33,2,0,0
BRDA:33,2,1,0
BRDA:39,3,0,0
BRDA:39,3,1,0
BRDA:42,4,0,0
BRDA:42,4,1,0
BRDA:45,5,0,0
BRDA:45,5,1,0
BRF:10
BRH:0
end_of_record
TN:
SF:src\components\ui\menu.tsx
FN:13,MenuContent
FN:28,MenuArrow
FN:39,MenuCheckboxItem
FN:53,MenuRadioItem
FN:70,MenuItemGroup
FN:91,MenuTriggerItem
FNF:6
FNH:0
FNDA:0,MenuContent
FNDA:0,MenuArrow
FNDA:0,MenuCheckboxItem
FNDA:0,MenuRadioItem
FNDA:0,MenuItemGroup
FNDA:0,MenuTriggerItem
DA:12,0
DA:14,0
DA:15,0
DA:25,0
DA:29,0
DA:36,0
DA:40,0
DA:50,0
DA:54,0
DA:55,0
DA:67,0
DA:71,0
DA:72,0
DA:88,0
DA:92,0
DA:93,0
DA:102,0
DA:103,0
DA:104,0
DA:105,0
DA:107,0
DA:108,0
DA:109,0
DA:110,0
LF:24
LH:0
BRDA:14,0,0,0
BRDA:74,1,0,0
BRDA:74,1,1,0
BRF:3
BRH:0
end_of_record
TN:
SF:src\components\ui\popover.tsx
FN:13,PopoverContent
FN:27,PopoverArrow
FN:38,PopoverCloseTrigger
FNF:3
FNH:0
FNDA:0,PopoverContent
FNDA:0,PopoverArrow
FNDA:0,PopoverCloseTrigger
DA:10,0
DA:14,0
DA:15,0
DA:24,0
DA:28,0
DA:35,0
DA:39,0
DA:53,0
DA:54,0
DA:55,0
DA:56,0
DA:57,0
DA:58,0
DA:59,0
LF:14
LH:0
BRDA:14,0,0,0
BRF:1
BRH:0
end_of_record
TN:
SF:src\components\ui\provider.tsx
FN:9,Provider
FNF:1
FNH:0
FNDA:0,Provider
DA:10,0
LF:1
LH:0
BRF:0
BRH:0
end_of_record
TN:
SF:src\components\ui\radio.tsx
FN:10,Radio
FNF:1
FNH:0
FNDA:0,Radio
DA:9,0
DA:11,0
DA:12,0
DA:24,0
LF:4
LH:0
BRDA:16,0,0,0
BRDA:16,0,1,0
BRF:2
BRH:0
end_of_record
TN:
SF:src\components\ui\slider.tsx
FN:11,Slider
FN:15,(anonymous_1)
FN:20,(anonymous_2)
FN:45,SliderThumbs
FN:49,(anonymous_4)
FN:63,SliderMarks
FN:69,(anonymous_6)
FNF:7
FNH:0
FNDA:0,Slider
FNDA:0,(anonymous_1)
FNDA:0,(anonymous_2)
FNDA:0,SliderThumbs
FNDA:0,(anonymous_4)
FNDA:0,SliderMarks
FNDA:0,(anonymous_6)
DA:10,0
DA:12,0
DA:13,0
DA:15,0
DA:16,0
DA:17,0
DA:20,0
DA:22,0
DA:46,0
DA:47,0
DA:50,0
DA:62,0
DA:64,0
DA:65,0
DA:67,0
DA:70,0
DA:71,0
DA:72,0
LF:18
LH:0
BRDA:13,0,0,0
BRDA:13,0,1,0
BRDA:16,1,0,0
BRDA:16,1,1,0
BRDA:24,2,0,0
BRDA:24,2,1,0
BRDA:24,2,2,0
BRDA:27,3,0,0
BRDA:27,3,1,0
BRDA:27,3,2,0
BRDA:33,4,0,0
BRDA:33,4,1,0
BRDA:65,5,0,0
BRDA:65,5,1,0
BRDA:70,6,0,0
BRDA:70,6,1,0
BRDA:71,7,0,0
BRDA:71,7,1,0
BRF:18
BRH:0
end_of_record
TN:
SF:src\components\ui\tag.tsx
FN:12,Tag
FNF:1
FNH:0
FNDA:0,Tag
DA:11,1
DA:20,0
DA:22,0
LF:3
LH:1
BRDA:17,0,0,0
BRDA:24,1,0,0
BRDA:24,1,1,0
BRDA:28,2,0,0
BRDA:28,2,1,0
BRDA:31,3,0,0
BRDA:31,3,1,0
BRF:7
BRH:0
end_of_record
TN:
SF:src\components\ui\toaster.tsx
FN:13,(anonymous_0)
FN:23,(anonymous_1)
FN:35,(anonymous_2)
FN:39,(anonymous_3)
FNF:4
FNH:0
FNDA:0,(anonymous_0)
FNDA:0,(anonymous_1)
FNDA:0,(anonymous_2)
FNDA:0,(anonymous_3)
DA:12,1
DA:14,0
DA:15,0
DA:24,0
DA:25,0
DA:35,1
DA:36,0
DA:40,0
LF:8
LH:2
BRDA:41,0,0,0
BRDA:41,0,1,0
BRDA:47,1,0,0
BRDA:47,1,1,0
BRDA:48,2,0,0
BRDA:48,2,1,0
BRDA:52,3,0,0
BRDA:52,3,1,0
BRDA:55,4,0,0
BRDA:55,4,1,0
BRF:10
BRH:0
end_of_record
TN:
SF:src\components\ui\tooltip.tsx
FN:14,Tooltip
FNF:1
FNH:0
FNDA:0,Tooltip
DA:13,0
DA:24,0
DA:26,0
DA:28,0
LF:4
LH:0
BRDA:26,0,0,0
BRDA:26,0,1,0
BRDA:34,1,0,0
BRDA:34,1,1,0
BRF:4
BRH:0
end_of_record
TN:
SF:src\hooks\redux.ts
FN:4,(anonymous_0)
FNF:1
FNH:1
FNDA:1,(anonymous_0)
DA:4,1
DA:5,1
LF:2
LH:2
BRF:0
BRH:0
end_of_record
TN:
SF:src\old_components\HomePage.tsx
FN:37,HomePage
FN:158,(anonymous_1)
FN:162,(anonymous_2)
FN:171,(anonymous_3)
FN:173,(anonymous_4)
FN:174,(anonymous_5)
FN:191,(anonymous_6)
FN:242,(anonymous_7)
FN:279,(anonymous_8)
FN:474,(anonymous_9)
FN:507,(anonymous_10)
FN:511,(anonymous_11)
FN:518,(anonymous_12)
FN:545,(anonymous_13)
FNF:14
FNH:0
FNDA:0,HomePage
FNDA:0,(anonymous_1)
FNDA:0,(anonymous_2)
FNDA:0,(anonymous_3)
FNDA:0,(anonymous_4)
FNDA:0,(anonymous_5)
FNDA:0,(anonymous_6)
FNDA:0,(anonymous_7)
FNDA:0,(anonymous_8)
FNDA:0,(anonymous_9)
FNDA:0,(anonymous_10)
FNDA:0,(anonymous_11)
FNDA:0,(anonymous_12)
FNDA:0,(anonymous_13)
DA:30,0
DA:31,0
DA:32,0
DA:33,0
DA:38,0
DA:39,0
DA:43,0
DA:44,0
DA:45,0
DA:51,0
DA:57,0
DA:75,0
DA:76,0
DA:77,0
DA:140,0
DA:158,0
DA:159,0
DA:160,0
DA:162,0
DA:163,0
DA:164,0
DA:166,0
DA:171,0
DA:172,0
DA:173,0
DA:174,0
DA:175,0
DA:176,0
DA:177,0
DA:178,0
DA:179,0
DA:181,0
DA:183,0
DA:184,0
DA:185,0
DA:187,0
DA:191,0
DA:195,0
DA:243,0
DA:280,0
DA:475,0
DA:508,0
DA:511,0
DA:518,0
DA:546,0
LF:45
LH:0
BRDA:160,0,0,0
BRDA:160,0,1,0
BRDA:163,1,0,0
BRDA:163,1,1,0
BRDA:176,2,0,0
BRDA:176,2,1,0
BRDA:177,3,0,0
BRDA:177,3,1,0
BRDA:183,4,0,0
BRDA:183,4,1,0
BRDA:320,5,0,0
BRDA:320,5,1,0
BRDA:330,6,0,0
BRDA:330,6,1,0
BRDA:345,7,0,0
BRDA:345,7,1,0
BRDA:360,8,0,0
BRDA:360,8,1,0
BRDA:379,9,0,0
BRDA:379,9,1,0
BRDA:408,10,0,0
BRDA:408,10,1,0
BRDA:416,11,0,0
BRDA:416,11,1,0
BRDA:426,12,0,0
BRDA:426,12,1,0
BRDA:436,13,0,0
BRDA:436,13,1,0
BRDA:446,14,0,0
BRDA:446,14,1,0
BRDA:477,15,0,0
BRDA:477,15,1,0
BRDA:510,16,0,0
BRDA:510,16,1,0
BRF:34
BRH:0
end_of_record
TN:
SF:src\pages\AdminAccessGroupsPage.tsx
FN:14,AdminAccessGroupsPage
FN:18,(anonymous_1)
FN:22,(anonymous_2)
FN:27,(anonymous_3)
FN:46,(anonymous_4)
FN:66,(anonymous_5)
FN:74,(anonymous_6)
FN:82,(anonymous_7)
FNF:8
FNH:0
FNDA:0,AdminAccessGroupsPage
FNDA:0,(anonymous_1)
FNDA:0,(anonymous_2)
FNDA:0,(anonymous_3)
FNDA:0,(anonymous_4)
FNDA:0,(anonymous_5)
FNDA:0,(anonymous_6)
FNDA:0,(anonymous_7)
DA:9,1
DA:15,0
DA:16,0
DA:18,0
DA:19,0
DA:22,0
DA:23,0
DA:24,0
DA:27,0
DA:28,0
DA:29,0
DA:30,0
DA:31,0
DA:32,0
DA:34,0
DA:39,0
DA:46,0
DA:67,0
DA:74,0
DA:82,0
LF:20
LH:1
BRDA:28,0,0,0
BRDA:28,0,1,0
BRF:2
BRH:0
end_of_record
TN:
SF:src\pages\AdminClassesPage.tsx
FN:38,(anonymous_0)
FN:45,(anonymous_1)
FN:49,(anonymous_2)
FN:54,(anonymous_3)
FN:73,(anonymous_4)
FN:85,(anonymous_5)
FN:91,onClassClick
FN:111,(anonymous_7)
FN:122,(anonymous_8)
FN:155,(anonymous_9)
FN:162,(anonymous_10)
FN:170,(anonymous_11)
FN:204,(anonymous_12)
FN:212,(anonymous_13)
FNF:14
FNH:0
FNDA:0,(anonymous_0)
FNDA:0,(anonymous_1)
FNDA:0,(anonymous_2)
FNDA:0,(anonymous_3)
FNDA:0,(anonymous_4)
FNDA:0,(anonymous_5)
FNDA:0,onClassClick
FNDA:0,(anonymous_7)
FNDA:0,(anonymous_8)
FNDA:0,(anonymous_9)
FNDA:0,(anonymous_10)
FNDA:0,(anonymous_11)
FNDA:0,(anonymous_12)
FNDA:0,(anonymous_13)
DA:31,1
DA:38,1
DA:39,0
DA:40,0
DA:41,0
DA:42,0
DA:43,0
DA:45,0
DA:46,0
DA:49,0
DA:50,0
DA:51,0
DA:54,0
DA:55,0
DA:56,0
DA:57,0
DA:58,0
DA:59,0
DA:62,0
DA:64,0
DA:65,0
DA:66,0
DA:67,0
DA:69,0
DA:73,0
DA:74,0
DA:75,0
DA:76,0
DA:77,0
DA:78,0
DA:80,0
DA:85,0
DA:86,0
DA:87,0
DA:88,0
DA:92,0
DA:93,0
DA:96,0
DA:111,0
DA:123,0
DA:155,0
DA:162,0
DA:170,0
DA:204,0
DA:213,0
DA:214,0
DA:215,0
LF:47
LH:2
BRDA:57,0,0,0
BRDA:57,0,1,0
BRDA:74,1,0,0
BRDA:74,1,1,0
BRDA:87,2,0,0
BRDA:87,2,1,0
BRDA:195,3,0,0
BRDA:195,3,1,0
BRDA:221,4,0,0
BRDA:221,4,1,0
BRF:10
BRH:0
end_of_record
TN:
SF:src\pages\AdminCreateAccessGroup.tsx
FN:27,AdminCreateAccessGroupPage
FN:38,(anonymous_1)
FN:48,(anonymous_2)
FN:59,(anonymous_3)
FN:62,(anonymous_4)
FN:63,(anonymous_5)
FN:74,(anonymous_6)
FN:85,(anonymous_7)
FN:86,(anonymous_8)
FN:88,(anonymous_9)
FN:109,(anonymous_10)
FN:121,(anonymous_11)
FN:144,(anonymous_12)
FN:155,(anonymous_13)
FN:161,(anonymous_14)
FN:176,(anonymous_15)
FN:176,(anonymous_16)
FN:183,(anonymous_17)
FN:183,(anonymous_18)
FN:199,(anonymous_19)
FNF:20
FNH:0
FNDA:0,AdminCreateAccessGroupPage
FNDA:0,(anonymous_1)
FNDA:0,(anonymous_2)
FNDA:0,(anonymous_3)
FNDA:0,(anonymous_4)
FNDA:0,(anonymous_5)
FNDA:0,(anonymous_6)
FNDA:0,(anonymous_7)
FNDA:0,(anonymous_8)
FNDA:0,(anonymous_9)
FNDA:0,(anonymous_10)
FNDA:0,(anonymous_11)
FNDA:0,(anonymous_12)
FNDA:0,(anonymous_13)
FNDA:0,(anonymous_14)
FNDA:0,(anonymous_15)
FNDA:0,(anonymous_16)
FNDA:0,(anonymous_17)
FNDA:0,(anonymous_18)
FNDA:0,(anonymous_19)
DA:20,1
DA:28,0
DA:29,0
DA:33,0
DA:34,0
DA:35,0
DA:36,0
DA:38,0
DA:39,0
DA:41,0
DA:46,0
DA:48,0
DA:49,0
DA:50,0
DA:51,0
DA:52,0
DA:53,0
DA:55,0
DA:59,0
DA:60,0
DA:62,0
DA:63,0
DA:65,0
DA:66,0
DA:71,0
DA:74,0
DA:78,0
DA:79,0
DA:85,0
DA:86,0
DA:88,0
DA:90,0
DA:93,0
DA:109,0
DA:121,0
DA:144,0
DA:156,0
DA:161,0
DA:176,0
DA:183,0
DA:199,0
LF:41
LH:1
BRDA:63,0,0,0
BRDA:63,0,1,0
BRDA:65,1,0,0
BRDA:65,1,1,0
BRDA:80,2,0,0
BRDA:80,2,1,0
BRDA:149,3,0,0
BRDA:149,3,1,0
BRDA:151,4,0,0
BRDA:151,4,1,0
BRF:10
BRH:0
end_of_record
TN:
SF:src\pages\AdminCreateLessonPage.tsx
FN:32,AdminCreateLessonPage
FN:46,(anonymous_1)
FN:47,(anonymous_2)
FN:61,(anonymous_3)
FN:62,(anonymous_4)
FN:69,(anonymous_5)
FN:98,(anonymous_6)
FN:107,(anonymous_7)
FN:117,(anonymous_8)
FN:126,(anonymous_9)
FN:137,(anonymous_10)
FN:160,(anonymous_11)
FN:170,(anonymous_12)
FNF:13
FNH:0
FNDA:0,AdminCreateLessonPage
FNDA:0,(anonymous_1)
FNDA:0,(anonymous_2)
FNDA:0,(anonymous_3)
FNDA:0,(anonymous_4)
FNDA:0,(anonymous_5)
FNDA:0,(anonymous_6)
FNDA:0,(anonymous_7)
FNDA:0,(anonymous_8)
FNDA:0,(anonymous_9)
FNDA:0,(anonymous_10)
FNDA:0,(anonymous_11)
FNDA:0,(anonymous_12)
DA:27,1
DA:33,0
DA:34,0
DA:36,0
DA:37,0
DA:46,0
DA:47,0
DA:48,0
DA:49,0
DA:51,0
DA:54,0
DA:58,0
DA:61,0
DA:62,0
DA:66,0
DA:69,0
DA:70,0
DA:71,0
DA:72,0
DA:73,0
DA:78,0
DA:79,0
DA:81,0
DA:85,0
DA:98,0
DA:107,0
DA:117,0
DA:126,0
DA:138,0
DA:161,0
DA:170,0
LF:31
LH:1
BRF:0
BRH:0
end_of_record
TN:
SF:src\pages\AdminEditAccessGroups.tsx
FN:27,AdminEditAccessGroupPage
FN:39,(anonymous_1)
FN:40,(anonymous_2)
FN:54,(anonymous_3)
FN:64,(anonymous_4)
FN:75,(anonymous_5)
FN:78,(anonymous_6)
FN:79,(anonymous_7)
FN:90,(anonymous_8)
FN:101,(anonymous_9)
FN:102,(anonymous_10)
FN:104,(anonymous_11)
FN:125,(anonymous_12)
FN:137,(anonymous_13)
FN:160,(anonymous_14)
FN:171,(anonymous_15)
FN:177,(anonymous_16)
FN:192,(anonymous_17)
FN:192,(anonymous_18)
FN:199,(anonymous_19)
FN:199,(anonymous_20)
FN:215,(anonymous_21)
FNF:22
FNH:0
FNDA:0,AdminEditAccessGroupPage
FNDA:0,(anonymous_1)
FNDA:0,(anonymous_2)
FNDA:0,(anonymous_3)
FNDA:0,(anonymous_4)
FNDA:0,(anonymous_5)
FNDA:0,(anonymous_6)
FNDA:0,(anonymous_7)
FNDA:0,(anonymous_8)
FNDA:0,(anonymous_9)
FNDA:0,(anonymous_10)
FNDA:0,(anonymous_11)
FNDA:0,(anonymous_12)
FNDA:0,(anonymous_13)
FNDA:0,(anonymous_14)
FNDA:0,(anonymous_15)
FNDA:0,(anonymous_16)
FNDA:0,(anonymous_17)
FNDA:0,(anonymous_18)
FNDA:0,(anonymous_19)
FNDA:0,(anonymous_20)
FNDA:0,(anonymous_21)
DA:20,1
DA:28,0
DA:29,0
DA:30,0
DA:34,0
DA:35,0
DA:36,0
DA:37,0
DA:39,0
DA:40,0
DA:41,0
DA:42,0
DA:43,0
DA:48,0
DA:51,0
DA:54,0
DA:55,0
DA:57,0
DA:62,0
DA:64,0
DA:65,0
DA:66,0
DA:67,0
DA:68,0
DA:69,0
DA:71,0
DA:75,0
DA:76,0
DA:78,0
DA:79,0
DA:81,0
DA:82,0
DA:87,0
DA:90,0
DA:94,0
DA:95,0
DA:101,0
DA:102,0
DA:104,0
DA:106,0
DA:109,0
DA:125,0
DA:137,0
DA:160,0
DA:172,0
DA:177,0
DA:192,0
DA:199,0
DA:215,0
LF:49
LH:1
BRDA:79,0,0,0
BRDA:79,0,1,0
BRDA:81,1,0,0
BRDA:81,1,1,0
BRDA:96,2,0,0
BRDA:96,2,1,0
BRDA:165,3,0,0
BRDA:165,3,1,0
BRDA:167,4,0,0
BRDA:167,4,1,0
BRF:10
BRH:0
end_of_record
TN:
SF:src\pages\AdminEditLessonPage.tsx
FN:12,AdminEditLessonPage
FN:26,(anonymous_1)
FN:27,(anonymous_2)
FN:45,(anonymous_3)
FN:70,(anonymous_4)
FN:79,(anonymous_5)
FN:88,(anonymous_6)
FN:97,(anonymous_7)
FN:106,(anonymous_8)
FN:111,(anonymous_9)
FNF:10
FNH:0
FNDA:0,AdminEditLessonPage
FNDA:0,(anonymous_1)
FNDA:0,(anonymous_2)
FNDA:0,(anonymous_3)
FNDA:0,(anonymous_4)
FNDA:0,(anonymous_5)
FNDA:0,(anonymous_6)
FNDA:0,(anonymous_7)
FNDA:0,(anonymous_8)
FNDA:0,(anonymous_9)
DA:7,1
DA:13,0
DA:14,0
DA:15,0
DA:23,0
DA:24,0
DA:26,0
DA:27,0
DA:28,0
DA:29,0
DA:30,0
DA:31,0
DA:39,0
DA:42,0
DA:45,0
DA:46,0
DA:47,0
DA:48,0
DA:49,0
DA:50,0
DA:51,0
DA:53,0
DA:57,0
DA:70,0
DA:79,0
DA:88,0
DA:97,0
DA:106,0
DA:111,0
LF:29
LH:1
BRF:0
BRH:0
end_of_record
TN:
SF:src\pages\AdminHome.tsx
FN:12,AdminHomePage
FN:29,(anonymous_1)
FN:51,(anonymous_2)
FNF:3
FNH:0
FNDA:0,AdminHomePage
FNDA:0,(anonymous_1)
FNDA:0,(anonymous_2)
DA:5,1
DA:13,0
DA:17,0
DA:29,0
DA:51,0
LF:5
LH:1
BRF:0
BRH:0
end_of_record
TN:
SF:src\pages\AdminLessonsPage.tsx
FN:41,(anonymous_0)
FN:56,(anonymous_1)
FN:60,(anonymous_2)
FN:65,(anonymous_3)
FN:87,(anonymous_4)
FN:99,(anonymous_5)
FN:103,(anonymous_6)
FN:130,(anonymous_7)
FN:140,(anonymous_8)
FN:150,(anonymous_9)
FN:160,(anonymous_10)
FN:170,(anonymous_11)
FN:178,(anonymous_12)
FN:203,(anonymous_13)
FN:216,(anonymous_14)
FN:274,(anonymous_15)
FN:282,(anonymous_16)
FNF:17
FNH:0
FNDA:0,(anonymous_0)
FNDA:0,(anonymous_1)
FNDA:0,(anonymous_2)
FNDA:0,(anonymous_3)
FNDA:0,(anonymous_4)
FNDA:0,(anonymous_5)
FNDA:0,(anonymous_6)
FNDA:0,(anonymous_7)
FNDA:0,(anonymous_8)
FNDA:0,(anonymous_9)
FNDA:0,(anonymous_10)
FNDA:0,(anonymous_11)
FNDA:0,(anonymous_12)
FNDA:0,(anonymous_13)
FNDA:0,(anonymous_14)
FNDA:0,(anonymous_15)
FNDA:0,(anonymous_16)
DA:34,1
DA:41,1
DA:42,0
DA:43,0
DA:44,0
DA:45,0
DA:46,0
DA:53,0
DA:54,0
DA:56,0
DA:57,0
DA:60,0
DA:61,0
DA:62,0
DA:65,0
DA:66,0
DA:67,0
DA:68,0
DA:69,0
DA:70,0
DA:72,0
DA:76,0
DA:78,0
DA:79,0
DA:80,0
DA:81,0
DA:83,0
DA:87,0
DA:88,0
DA:89,0
DA:90,0
DA:91,0
DA:92,0
DA:94,0
DA:99,0
DA:100,0
DA:103,0
DA:104,0
DA:111,0
DA:130,0
DA:140,0
DA:150,0
DA:160,0
DA:170,0
DA:179,0
DA:180,0
DA:181,0
DA:204,0
DA:217,0
DA:274,0
DA:282,0
LF:51
LH:2
BRDA:68,0,0,0
BRDA:68,0,1,0
BRDA:88,1,0,0
BRDA:88,1,1,0
BRDA:117,2,0,0
BRDA:117,2,1,0
BRDA:187,3,0,0
BRDA:187,3,1,0
BRF:8
BRH:0
end_of_record
TN:
SF:src\pages\ClasesPage.tsx
FN:33,(anonymous_0)
FN:37,(anonymous_1)
FN:38,(anonymous_2)
FN:41,(anonymous_3)
FN:64,(anonymous_4)
FN:67,(anonymous_5)
FNF:6
FNH:0
FNDA:0,(anonymous_0)
FNDA:0,(anonymous_1)
FNDA:0,(anonymous_2)
FNDA:0,(anonymous_3)
FNDA:0,(anonymous_4)
FNDA:0,(anonymous_5)
DA:24,1
DA:31,1
DA:33,1
DA:34,0
DA:35,0
DA:37,0
DA:38,0
DA:41,0
DA:42,0
DA:43,0
DA:46,0
DA:65,0
DA:67,0
LF:13
LH:3
BRF:0
BRH:0
end_of_record
TN:
SF:src\pages\ClassLessonsPage.tsx
FN:35,LessonsPage
FN:43,(anonymous_1)
FN:44,(anonymous_2)
FN:61,(anonymous_3)
FN:66,(anonymous_4)
FN:100,(anonymous_5)
FN:113,(anonymous_6)
FN:118,(anonymous_7)
FNF:8
FNH:0
FNDA:0,LessonsPage
FNDA:0,(anonymous_1)
FNDA:0,(anonymous_2)
FNDA:0,(anonymous_3)
FNDA:0,(anonymous_4)
FNDA:0,(anonymous_5)
FNDA:0,(anonymous_6)
FNDA:0,(anonymous_7)
DA:27,1
DA:36,0
DA:37,0
DA:38,0
DA:39,0
DA:41,0
DA:43,0
DA:44,0
DA:45,0
DA:46,0
DA:47,0
DA:48,0
DA:49,0
DA:50,0
DA:52,0
DA:54,0
DA:58,0
DA:61,0
DA:62,0
DA:63,0
DA:66,0
DA:67,0
DA:74,0
DA:101,0
DA:114,0
DA:118,0
LF:26
LH:1
BRDA:98,0,0,0
BRDA:98,0,1,0
BRF:2
BRH:0
end_of_record
TN:
SF:src\pages\ClassNotesPage.tsx
FN:39,NotesPage
FN:44,(anonymous_1)
FN:46,(anonymous_2)
FN:87,(anonymous_3)
FN:119,(anonymous_4)
FN:126,(anonymous_5)
FNF:6
FNH:0
FNDA:0,NotesPage
FNDA:0,(anonymous_1)
FNDA:0,(anonymous_2)
FNDA:0,(anonymous_3)
FNDA:0,(anonymous_4)
FNDA:0,(anonymous_5)
DA:23,1
DA:40,0
DA:41,0
DA:42,0
DA:44,0
DA:46,0
DA:47,0
DA:48,0
DA:50,0
DA:76,0
DA:78,0
DA:80,0
DA:84,0
DA:87,0
DA:88,0
DA:95,0
DA:120,0
DA:127,0
LF:18
LH:1
BRDA:117,0,0,0
BRDA:117,0,1,0
BRF:2
BRH:0
end_of_record
TN:
SF:src\pages\HomePage.tsx
FN:19,(anonymous_0)
FN:102,(anonymous_1)
FNF:2
FNH:0
FNDA:0,(anonymous_0)
FNDA:0,(anonymous_1)
DA:19,1
DA:20,0
DA:22,0
DA:102,0
LF:4
LH:1
BRF:0
BRH:0
end_of_record
TN:
SF:src\pages\LessionPage.tsx
FN:37,(anonymous_0)
FN:42,(anonymous_1)
FN:43,(anonymous_2)
FN:58,(anonymous_3)
FNF:4
FNH:0
FNDA:0,(anonymous_0)
FNDA:0,(anonymous_1)
FNDA:0,(anonymous_2)
FNDA:0,(anonymous_3)
DA:31,1
DA:37,1
DA:38,0
DA:39,0
DA:40,0
DA:42,0
DA:43,0
DA:44,0
DA:45,0
DA:46,0
DA:47,0
DA:49,0
DA:51,0
DA:55,0
DA:58,0
DA:59,0
DA:67,0
DA:69,0
DA:70,0
DA:82,0
LF:20
LH:2
BRDA:69,0,0,0
BRDA:69,0,1,0
BRDA:97,1,0,0
BRDA:97,1,1,0
BRDA:122,2,0,0
BRDA:122,2,1,0
BRF:6
BRH:0
end_of_record
TN:
SF:src\pages\LoginPage.tsx
FN:14,LoginPage
FN:15,(anonymous_1)
FN:22,(anonymous_2)
FN:23,(anonymous_3)
FNF:4
FNH:2
FNDA:1,LoginPage
FNDA:2,(anonymous_1)
FNDA:0,(anonymous_2)
FNDA:0,(anonymous_3)
DA:12,1
DA:15,2
DA:16,1
DA:18,1
DA:19,0
DA:22,1
DA:23,1
DA:25,1
LF:8
LH:7
BRDA:18,0,0,0
BRDA:18,0,1,1
BRDA:45,1,0,1
BRDA:45,1,1,0
BRDA:52,2,0,1
BRDA:52,2,1,0
BRF:6
BRH:3
end_of_record
TN:
SF:src\services\access-groupes.ts
FN:18,(anonymous_0)
FN:20,(anonymous_1)
FN:22,(anonymous_2)
FN:28,(anonymous_3)
FN:34,(anonymous_4)
FN:39,(anonymous_5)
FN:41,(anonymous_6)
FN:42,(anonymous_7)
FN:46,(anonymous_8)
FN:55,(anonymous_9)
FN:56,(anonymous_10)
FN:64,(anonymous_11)
FN:65,(anonymous_12)
FNF:13
FNH:0
FNDA:0,(anonymous_0)
FNDA:0,(anonymous_1)
FNDA:0,(anonymous_2)
FNDA:0,(anonymous_3)
FNDA:0,(anonymous_4)
FNDA:0,(anonymous_5)
FNDA:0,(anonymous_6)
FNDA:0,(anonymous_7)
FNDA:0,(anonymous_8)
FNDA:0,(anonymous_9)
FNDA:0,(anonymous_10)
FNDA:0,(anonymous_11)
FNDA:0,(anonymous_12)
DA:4,1
DA:17,1
DA:18,0
DA:20,0
DA:23,0
DA:29,0
DA:35,0
DA:38,1
DA:39,0
DA:42,0
DA:43,0
DA:47,0
DA:51,0
DA:52,0
DA:56,0
DA:57,0
DA:58,0
DA:59,0
DA:61,0
DA:65,0
DA:66,0
DA:67,0
DA:68,0
DA:70,0
LF:24
LH:3
BRDA:43,0,0,0
BRDA:43,0,1,0
BRDA:57,1,0,0
BRDA:57,1,1,0
BRDA:66,2,0,0
BRDA:66,2,1,0
BRF:6
BRH:0
end_of_record
TN:
SF:src\services\api.ts
FN:4,(anonymous_0)
FN:11,(anonymous_1)
FNF:2
FNH:0
FNDA:0,(anonymous_0)
FNDA:0,(anonymous_1)
DA:1,1
DA:5,0
DA:6,0
DA:10,1
DA:15,0
DA:16,0
DA:24,0
DA:25,0
DA:28,0
DA:30,0
DA:31,0
LF:11
LH:2
BRDA:13,0,0,0
BRDA:24,1,0,0
BRDA:24,1,1,0
BRDA:30,2,0,0
BRDA:30,2,1,0
BRF:5
BRH:0
end_of_record
TN:
SF:src\services\classes.ts
FN:21,(anonymous_0)
FN:25,(anonymous_1)
FN:29,(anonymous_2)
FN:36,(anonymous_3)
FN:43,(anonymous_4)
FN:50,(anonymous_5)
FN:58,(anonymous_6)
FN:62,(anonymous_7)
FN:63,(anonymous_8)
FN:92,(anonymous_9)
FN:93,(anonymous_10)
FNF:11
FNH:0
FNDA:0,(anonymous_0)
FNDA:0,(anonymous_1)
FNDA:0,(anonymous_2)
FNDA:0,(anonymous_3)
FNDA:0,(anonymous_4)
FNDA:0,(anonymous_5)
FNDA:0,(anonymous_6)
FNDA:0,(anonymous_7)
FNDA:0,(anonymous_8)
FNDA:0,(anonymous_9)
FNDA:0,(anonymous_10)
DA:4,1
DA:20,1
DA:22,0
DA:26,0
DA:30,0
DA:37,0
DA:44,0
DA:51,0
DA:57,1
DA:59,0
DA:63,0
DA:64,0
DA:65,0
DA:67,0
DA:93,0
DA:94,0
DA:95,0
DA:96,0
DA:98,0
LF:19
LH:3
BRDA:64,0,0,0
BRDA:64,0,1,0
BRDA:94,1,0,0
BRDA:94,1,1,0
BRF:4
BRH:0
end_of_record
TN:
SF:src\services\lessons.ts
FN:43,(anonymous_0)
FN:47,(anonymous_1)
FN:51,(anonymous_2)
FN:58,(anonymous_3)
FN:65,(anonymous_4)
FN:73,(anonymous_5)
FN:74,(anonymous_6)
FN:78,(anonymous_7)
FN:79,(anonymous_8)
FN:86,(anonymous_9)
FN:98,(anonymous_10)
FN:99,(anonymous_11)
FN:108,(anonymous_12)
FN:109,(anonymous_13)
FNF:14
FNH:0
FNDA:0,(anonymous_0)
FNDA:0,(anonymous_1)
FNDA:0,(anonymous_2)
FNDA:0,(anonymous_3)
FNDA:0,(anonymous_4)
FNDA:0,(anonymous_5)
FNDA:0,(anonymous_6)
FNDA:0,(anonymous_7)
FNDA:0,(anonymous_8)
FNDA:0,(anonymous_9)
FNDA:0,(anonymous_10)
FNDA:0,(anonymous_11)
FNDA:0,(anonymous_12)
FNDA:0,(anonymous_13)
DA:4,1
DA:42,1
DA:44,0
DA:48,0
DA:52,0
DA:59,0
DA:66,0
DA:72,1
DA:74,0
DA:75,0
DA:79,0
DA:80,0
DA:81,0
DA:83,0
DA:87,0
DA:94,0
DA:95,0
DA:99,0
DA:100,0
DA:101,0
DA:102,0
DA:103,0
DA:105,0
DA:109,0
DA:110,0
DA:111,0
DA:112,0
DA:114,0
LF:28
LH:3
BRDA:79,0,0,0
BRDA:79,0,1,0
BRDA:80,1,0,0
BRDA:80,1,1,0
BRDA:99,2,0,0
BRDA:99,2,1,0
BRDA:100,3,0,0
BRDA:100,3,1,0
BRDA:109,4,0,0
BRDA:109,4,1,0
BRDA:110,5,0,0
BRDA:110,5,1,0
BRF:12
BRH:0
end_of_record
TN:
SF:src\services\notes.ts
FN:65,(anonymous_0)
FN:69,(anonymous_1)
FN:73,(anonymous_2)
FN:80,(anonymous_3)
FN:87,(anonymous_4)
FN:102,(anonymous_5)
FN:103,(anonymous_6)
FN:107,(anonymous_7)
FN:108,(anonymous_8)
FN:115,(anonymous_9)
FN:127,(anonymous_10)
FN:128,(anonymous_11)
FN:137,(anonymous_12)
FN:138,(anonymous_13)
FN:146,(anonymous_14)
FNF:15
FNH:0
FNDA:0,(anonymous_0)
FNDA:0,(anonymous_1)
FNDA:0,(anonymous_2)
FNDA:0,(anonymous_3)
FNDA:0,(anonymous_4)
FNDA:0,(anonymous_5)
FNDA:0,(anonymous_6)
FNDA:0,(anonymous_7)
FNDA:0,(anonymous_8)
FNDA:0,(anonymous_9)
FNDA:0,(anonymous_10)
FNDA:0,(anonymous_11)
FNDA:0,(anonymous_12)
FNDA:0,(anonymous_13)
FNDA:0,(anonymous_14)
DA:25,0
DA:64,0
DA:66,0
DA:70,0
DA:74,0
DA:81,0
DA:88,0
DA:101,0
DA:103,0
DA:104,0
DA:108,0
DA:109,0
DA:110,0
DA:112,0
DA:116,0
DA:123,0
DA:124,0
DA:128,0
DA:129,0
DA:130,0
DA:131,0
DA:132,0
DA:134,0
DA:138,0
DA:139,0
DA:140,0
DA:141,0
DA:143,0
DA:148,0
DA:149,0
LF:30
LH:0
BRDA:108,0,0,0
BRDA:108,0,1,0
BRDA:109,1,0,0
BRDA:109,1,1,0
BRDA:128,2,0,0
BRDA:128,2,1,0
BRDA:129,3,0,0
BRDA:129,3,1,0
BRDA:138,4,0,0
BRDA:138,4,1,0
BRDA:139,5,0,0
BRDA:139,5,1,0
BRF:12
BRH:0
end_of_record
TN:
SF:src\state\index.ts
FNF:0
FNH:0
DA:4,0
LF:1
LH:0
BRF:0
BRH:0
end_of_record
TN:
SF:src\state\slices\userSlice.ts
FN:25,(anonymous_0)
FN:28,(anonymous_1)
FNF:2
FNH:0
FNDA:0,(anonymous_0)
FNDA:0,(anonymous_1)
DA:12,1
DA:21,1
DA:26,0
DA:29,0
DA:34,1
LF:5
LH:3
BRF:0
BRH:0
end_of_record
TN:
SF:src\themes\amplifytheme.ts
FNF:0
FNH:0
DA:3,1
LF:1
LH:1
BRF:0
BRH:0
end_of_record
TN:
SF:src\themes\colors.ts
FNF:0
FNH:0
DA:1,1
LF:1
LH:1
BRF:0
BRH:0
end_of_record
TN:
SF:src\themes\font.ts
FNF:0
FNH:0
DA:4,0
LF:1
LH:0
BRF:0
BRH:0
end_of_record
TN:
SF:src\types\access-group.types.ts
FNF:0
FNH:0
LF:0
LH:0
BRF:0
BRH:0
end_of_record
TN:
SF:src\types\class.types.ts
FNF:0
FNH:0
LF:0
LH:0
BRF:0
BRH:0
end_of_record
TN:
SF:src\types\lesson.types.ts
FNF:0
FNH:0
LF:0
LH:0
BRF:0
BRH:0
end_of_record
TN:
SF:src\types\month.type.ts
FNF:0
FNH:0
LF:0
LH:0
BRF:0
BRH:0
end_of_record
